[2022-05-16 06:40:12,119 I 35140 9592] io_service_pool.cc:35: IOServicePool is running with 1 io_service.
[2022-05-16 06:40:12,128 I 35140 9592] gcs_redis_failure_detector.cc:30: Starting redis failure detector.
[2022-05-16 06:40:12,134 I 35140 9592] gcs_init_data.cc:44: Loading job table data.
[2022-05-16 06:40:12,134 I 35140 9592] gcs_init_data.cc:56: Loading node table data.
[2022-05-16 06:40:12,134 I 35140 9592] gcs_init_data.cc:68: Loading object table data.
[2022-05-16 06:40:12,134 I 35140 9592] gcs_init_data.cc:81: Loading cluster resources table data.
[2022-05-16 06:40:12,134 I 35140 9592] gcs_init_data.cc:108: Loading actor table data.
[2022-05-16 06:40:12,134 I 35140 9592] gcs_init_data.cc:94: Loading placement group table data.
[2022-05-16 06:40:12,141 I 35140 9592] gcs_init_data.cc:48: Finished loading job table data, size = 0
[2022-05-16 06:40:12,141 I 35140 9592] gcs_init_data.cc:60: Finished loading node table data, size = 0
[2022-05-16 06:40:12,141 I 35140 9592] gcs_init_data.cc:73: Finished loading object table data, size = 0
[2022-05-16 06:40:12,141 I 35140 9592] gcs_init_data.cc:85: Finished loading cluster resources table data, size = 0
[2022-05-16 06:40:12,141 I 35140 9592] gcs_init_data.cc:112: Finished loading actor table data, size = 0
[2022-05-16 06:40:12,141 I 35140 9592] gcs_init_data.cc:99: Finished loading placement group table data, size = 0
[2022-05-16 06:40:12,141 I 35140 9592] gcs_heartbeat_manager.cc:30: GcsHeartbeatManager start, num_heartbeats_timeout=30
[2022-05-16 06:40:14,114 I 35140 9592] grpc_server.cc:71: GcsServer server started, listening on port 54855.
[2022-05-16 06:40:14,128 I 35140 9592] gcs_server.cc:322: Gcs server address = 192.168.50.44:54855
[2022-05-16 06:40:14,128 I 35140 9592] gcs_server.cc:326: Finished setting gcs server address: 192.168.50.44:54855
[2022-05-16 06:40:14,131 I 35140 9592] gcs_server.cc:494: GcsNodeManager: {RegisterNode request count: 0, UnregisterNode request count: 0, GetAllNodeInfo request count: 0, GetInternalConfig request count: 0}
GcsActorManager: {RegisterActor request count: 0, CreateActor request count: 0, GetActorInfo request count: 0, GetNamedActorInfo request count: 0, KillActor request count: 0, Registered actors count: 0, Destroyed actors count: 0, Named actors count: 0, Unresolved actors count: 0, Pending actors count: 0, Created actors count: 0}
GcsObjectManager: {GetObjectLocations request count: 0, GetAllObjectLocations request count: 0, AddObjectLocation request count: 0, RemoveObjectLocation request count: 0, Object count: 0}
GcsPlacementGroupManager: {CreatePlacementGroup request count: 0, RemovePlacementGroup request count: 0, GetPlacementGroup request count: 0, GetAllPlacementGroup request count: 0, WaitPlacementGroupUntilReady request count: 0, Registered placement groups count: 0, Named placement group count: 0, Pending placement groups count: 0}
GcsPubSub:
- num channels subscribed to: 0
- total commands queued: 0
DefaultTaskInfoHandler: {AddTask request count: 0, GetTask request count: 0, AddTaskLease request count: 0, GetTaskLease request count: 0, AttemptTaskReconstruction request count: 0}
[2022-05-16 06:40:19,352 I 35140 9592] gcs_node_manager.cc:34: Registering node info, node id = dda6551251733a9935477bda1f92288d00d426475967cbdcd4992505, address = 192.168.50.44
[2022-05-16 06:40:19,353 I 35140 9592] gcs_node_manager.cc:39: Finished registering node info, node id = dda6551251733a9935477bda1f92288d00d426475967cbdcd4992505, address = 192.168.50.44
[2022-05-16 06:40:19,355 I 35140 9592] gcs_resource_manager.cc:58: Updating resources, node id = dda6551251733a9935477bda1f92288d00d426475967cbdcd4992505
[2022-05-16 06:40:19,361 I 35140 9592] gcs_job_manager.cc:143: Getting all job info.
[2022-05-16 06:40:19,361 I 35140 9592] gcs_job_manager.cc:149: Finished getting all job info.
[2022-05-16 06:40:24,225 W 35140 31160] metric_exporter.cc:206: Export metrics to agent failed: IOError: 14: failed to connect to all addresses. This won't affect Ray, but you can lose metrics from the cluster.
[2022-05-16 06:40:32,194 W 35140 31160] metric_exporter.cc:206: Export metrics to agent failed: IOError: 14: failed to connect to all addresses. This won't affect Ray, but you can lose metrics from the cluster.
