[2022-05-16 06:42:20,013 I 40496 46288] (gcs_server.exe) io_service_pool.cc:35: IOServicePool is running with 1 io_service.
[2022-05-16 06:42:20,016 I 40496 46288] (gcs_server.exe) gcs_server.cc:55: GCS storage type is memory
[2022-05-16 06:42:20,016 I 40496 46288] (gcs_server.exe) gcs_server.cc:56: gRPC based pubsub is enabled
[2022-05-16 06:42:20,017 I 40496 46288] (gcs_server.exe) gcs_init_data.cc:42: Loading job table data.
[2022-05-16 06:42:20,017 I 40496 46288] (gcs_server.exe) gcs_init_data.cc:54: Loading node table data.
[2022-05-16 06:42:20,017 I 40496 46288] (gcs_server.exe) gcs_init_data.cc:66: Loading cluster resources table data.
[2022-05-16 06:42:20,018 I 40496 46288] (gcs_server.exe) gcs_init_data.cc:93: Loading actor table data.
[2022-05-16 06:42:20,018 I 40496 46288] (gcs_server.exe) gcs_init_data.cc:79: Loading placement group table data.
[2022-05-16 06:42:20,018 I 40496 46288] (gcs_server.exe) gcs_init_data.cc:46: Finished loading job table data, size = 0
[2022-05-16 06:42:20,018 I 40496 46288] (gcs_server.exe) gcs_init_data.cc:58: Finished loading node table data, size = 0
[2022-05-16 06:42:20,018 I 40496 46288] (gcs_server.exe) gcs_init_data.cc:70: Finished loading cluster resources table data, size = 0
[2022-05-16 06:42:20,018 I 40496 46288] (gcs_server.exe) gcs_init_data.cc:97: Finished loading actor table data, size = 0
[2022-05-16 06:42:20,018 I 40496 46288] (gcs_server.exe) gcs_init_data.cc:84: Finished loading placement group table data, size = 0
[2022-05-16 06:42:20,018 I 40496 46288] (gcs_server.exe) gcs_heartbeat_manager.cc:31: GcsHeartbeatManager start, num_heartbeats_timeout=30
[2022-05-16 06:42:20,044 I 40496 46288] (gcs_server.exe) grpc_server.cc:105: GcsServer server started, listening on port 6379.
[2022-05-16 06:42:20,054 I 40496 46288] (gcs_server.exe) gcs_server.cc:191: GcsNodeManager: 
- RegisterNode request count: 0
- DrainNode request count: 0
- GetAllNodeInfo request count: 0
- GetInternalConfig request count: 0

GcsActorManager: 
- RegisterActor request count: 0
- CreateActor request count: 0
- GetActorInfo request count: 0
- GetNamedActorInfo request count: 0
- GetAllActorInfo request count: 0
- KillActor request count: 0
- ListNamedActors request count: 0
- Registered actors count: 0
- Destroyed actors count: 0
- Named actors count: 0
- Unresolved actors count: 0
- Pending actors count: 0
- Created actors count: 0
- owners_: 0
- actor_to_register_callbacks_: 0
- actor_to_create_callbacks_: 0
- sorted_destroyed_actor_list_: 0

GcsResourceManager: 
- GetResources request count: 0
- GetAllAvailableResources request count0
- UpdateResources request count: 0
- DeleteResources request count: 0
- ReportResourceUsage request count: 0
- GetAllResourceUsage request count: 0

GcsPlacementGroupManager: 
- CreatePlacementGroup request count: 0
- RemovePlacementGroup request count: 0
- GetPlacementGroup request count: 0
- GetAllPlacementGroup request count: 0
- WaitPlacementGroupUntilReady request count: 0
- GetNamedPlacementGroup request count: 0
- Scheduling pending placement group count: 0
- Registered placement groups count: 0
- Named placement group count: 0
- Pending placement groups count: 0
- Infeasible placement groups count: 0

GcsPubSub:
- num channels subscribed to: 0
- total commands queued: 0

[runtime env manager] ID to URIs table:
[runtime env manager] URIs reference table:

GrpcBasedResourceBroadcaster:
- Tracked nodes: 0
[2022-05-16 06:42:20,054 I 40496 46288] (gcs_server.exe) gcs_server.cc:632: Event stats:


Global stats: 10 total (3 active)
Queueing time: mean = 3.648 ms, max = 35.734 ms, min = 11.100 us, total = 36.481 ms
Execution time:  mean = 3.642 ms, total = 36.416 ms
Event stats:
	GcsInMemoryStore.GetAll - 5 total (0 active), CPU time: mean = 7.272 ms, total = 36.361 ms
	PeriodicalRunner.RunFnPeriodically - 3 total (2 active, 1 running), CPU time: mean = 17.067 us, total = 51.200 us
	GcsInMemoryStore.Put - 1 total (0 active), CPU time: mean = 4.000 us, total = 4.000 us
	RaySyncer.deadline_timer.report_resource_report - 1 total (1 active), CPU time: mean = 0.000 s, total = 0.000 s


[2022-05-16 06:42:26,532 I 40496 46288] (gcs_server.exe) gcs_node_manager.cc:42: Registering node info, node id = 9663bd940a0daa64eeca0c373c0aade2f22e2da599d3f0953fc63fb3, address = 127.0.0.1
[2022-05-16 06:42:26,532 I 40496 46288] (gcs_server.exe) gcs_node_manager.cc:47: Finished registering node info, node id = 9663bd940a0daa64eeca0c373c0aade2f22e2da599d3f0953fc63fb3, address = 127.0.0.1
[2022-05-16 06:42:26,532 I 40496 46288] (gcs_server.exe) gcs_placement_group_manager.cc:720: A new node: 9663bd940a0daa64eeca0c373c0aade2f22e2da599d3f0953fc63fb3 registered, will try to reschedule all the infeasible placement groups.
[2022-05-16 06:42:26,548 I 40496 46288] (gcs_server.exe) gcs_job_manager.cc:151: Getting all job info.
[2022-05-16 06:42:26,548 I 40496 46288] (gcs_server.exe) gcs_job_manager.cc:157: Finished getting all job info.
[2022-05-16 06:42:31,497 W 40496 49788] (gcs_server.exe) metric_exporter.cc:207: [1] Export metrics to agent failed: GrpcUnknown: RPC Error message: Method not found!; RPC Error details: . This won't affect Ray, but you can lose metrics from the cluster.
[2022-05-16 06:43:20,064 I 40496 46288] (gcs_server.exe) gcs_server.cc:191: GcsNodeManager: 
- RegisterNode request count: 1
- DrainNode request count: 0
- GetAllNodeInfo request count: 27
- GetInternalConfig request count: 1

GcsActorManager: 
- RegisterActor request count: 0
- CreateActor request count: 0
- GetActorInfo request count: 0
- GetNamedActorInfo request count: 0
- GetAllActorInfo request count: 1
- KillActor request count: 0
- ListNamedActors request count: 0
- Registered actors count: 0
- Destroyed actors count: 0
- Named actors count: 0
- Unresolved actors count: 0
- Pending actors count: 0
- Created actors count: 0
- owners_: 0
- actor_to_register_callbacks_: 0
- actor_to_create_callbacks_: 0
- sorted_destroyed_actor_list_: 0

GcsResourceManager: 
- GetResources request count: 11
- GetAllAvailableResources request count0
- UpdateResources request count: 0
- DeleteResources request count: 0
- ReportResourceUsage request count: 0
- GetAllResourceUsage request count: 12

GcsPlacementGroupManager: 
- CreatePlacementGroup request count: 0
- RemovePlacementGroup request count: 0
- GetPlacementGroup request count: 0
- GetAllPlacementGroup request count: 0
- WaitPlacementGroupUntilReady request count: 0
- GetNamedPlacementGroup request count: 0
- Scheduling pending placement group count: 0
- Registered placement groups count: 0
- Named placement group count: 0
- Pending placement groups count: 0
- Infeasible placement groups count: 0

GcsPubSub:
- num channels subscribed to: 0
- total commands queued: 0

[runtime env manager] ID to URIs table:
[runtime env manager] URIs reference table:

GrpcBasedResourceBroadcaster:
- Tracked nodes: 1
[2022-05-16 06:43:20,065 I 40496 46288] (gcs_server.exe) gcs_server.cc:632: Event stats:


Global stats: 2392 total (3 active)
Queueing time: mean = 3.393 ms, max = 415.048 ms, min = -0.003 s, total = 8.116 s
Execution time:  mean = 125.357 us, total = 299.853 ms
Event stats:
	RaySyncer.deadline_timer.report_resource_report - 534 total (1 active), CPU time: mean = 55.522 us, total = 29.649 ms
	NodeManagerService.grpc_client.RequestResourceReport - 469 total (0 active), CPU time: mean = 74.719 us, total = 35.043 ms
	ResourceUpdate - 469 total (0 active), CPU time: mean = 30.094 us, total = 14.114 ms
	NodeManagerService.grpc_client.UpdateResourceUsage - 465 total (0 active), CPU time: mean = 46.326 us, total = 21.542 ms
	InternalKVGcsService.grpc_server.InternalKVGet - 101 total (0 active), CPU time: mean = 126.434 us, total = 12.770 ms
	MemoryInternalKV.Get - 101 total (0 active), CPU time: mean = 423.685 us, total = 42.792 ms
	InternalKVGcsService.grpc_server.InternalKVPut - 88 total (0 active), CPU time: mean = 54.265 us, total = 4.775 ms
	MemoryInternalKV.Put - 88 total (0 active), CPU time: mean = 815.289 us, total = 71.745 ms
	NodeInfoGcsService.grpc_server.GetAllNodeInfo - 27 total (0 active), CPU time: mean = 297.893 us, total = 8.043 ms
	NodeResourceInfoGcsService.grpc_server.GetAllResourceUsage - 12 total (0 active), CPU time: mean = 499.734 us, total = 5.997 ms
	NodeResourceInfoGcsService.grpc_server.GetResources - 11 total (0 active), CPU time: mean = 235.522 us, total = 2.591 ms
	GcsInMemoryStore.GetAll - 6 total (0 active), CPU time: mean = 6.086 ms, total = 36.513 ms
	GCSServer.deadline_timer.debug_state_dump - 6 total (1 active), CPU time: mean = 1.640 ms, total = 9.843 ms
	PeriodicalRunner.RunFnPeriodically - 3 total (0 active), CPU time: mean = 687.633 us, total = 2.063 ms
	GcsInMemoryStore.Put - 2 total (0 active), CPU time: mean = 173.374 us, total = 346.747 us
	GCSServer.deadline_timer.debug_state_event_stats_print - 1 total (1 active, 1 running), CPU time: mean = 0.000 s, total = 0.000 s
	ActorInfoGcsService.grpc_server.GetAllActorInfo - 1 total (0 active), CPU time: mean = 180.176 us, total = 180.176 us
	NodeInfoGcsService.grpc_server.GetInternalConfig - 1 total (0 active), CPU time: mean = 62.798 us, total = 62.798 us
	GcsInMemoryStore.Get - 1 total (0 active), CPU time: mean = 645.697 us, total = 645.697 us
	InternalKVGcsService.grpc_server.InternalKVKeys - 1 total (0 active), CPU time: mean = 29.160 us, total = 29.160 us
	InternalKVGcsService.grpc_server.InternalKVDel - 1 total (0 active), CPU time: mean = 25.106 us, total = 25.106 us
	MemoryInternalKV.Del - 1 total (0 active), CPU time: mean = 410.156 us, total = 410.156 us
	JobInfoGcsService.grpc_server.GetAllJobInfo - 1 total (0 active), CPU time: mean = 68.439 us, total = 68.439 us
	MemoryInternalKV.Keys - 1 total (0 active), CPU time: mean = 454.322 us, total = 454.322 us
	NodeInfoGcsService.grpc_server.RegisterNode - 1 total (0 active), CPU time: mean = 149.819 us, total = 149.819 us


[2022-05-16 06:44:20,071 I 40496 46288] (gcs_server.exe) gcs_server.cc:191: GcsNodeManager: 
- RegisterNode request count: 1
- DrainNode request count: 0
- GetAllNodeInfo request count: 51
- GetInternalConfig request count: 1

GcsActorManager: 
- RegisterActor request count: 0
- CreateActor request count: 0
- GetActorInfo request count: 0
- GetNamedActorInfo request count: 0
- GetAllActorInfo request count: 1
- KillActor request count: 0
- ListNamedActors request count: 0
- Registered actors count: 0
- Destroyed actors count: 0
- Named actors count: 0
- Unresolved actors count: 0
- Pending actors count: 0
- Created actors count: 0
- owners_: 0
- actor_to_register_callbacks_: 0
- actor_to_create_callbacks_: 0
- sorted_destroyed_actor_list_: 0

GcsResourceManager: 
- GetResources request count: 23
- GetAllAvailableResources request count0
- UpdateResources request count: 0
- DeleteResources request count: 0
- ReportResourceUsage request count: 0
- GetAllResourceUsage request count: 24

GcsPlacementGroupManager: 
- CreatePlacementGroup request count: 0
- RemovePlacementGroup request count: 0
- GetPlacementGroup request count: 0
- GetAllPlacementGroup request count: 0
- WaitPlacementGroupUntilReady request count: 0
- GetNamedPlacementGroup request count: 0
- Scheduling pending placement group count: 0
- Registered placement groups count: 0
- Named placement group count: 0
- Pending placement groups count: 0
- Infeasible placement groups count: 0

GcsPubSub:
- num channels subscribed to: 0
- total commands queued: 0

[runtime env manager] ID to URIs table:
[runtime env manager] URIs reference table:

GrpcBasedResourceBroadcaster:
- Tracked nodes: 1
[2022-05-16 06:44:20,072 I 40496 46288] (gcs_server.exe) gcs_server.cc:632: Event stats:


Global stats: 4909 total (3 active)
Queueing time: mean = 2.772 ms, max = 415.048 ms, min = -0.003 s, total = 13.609 s
Execution time:  mean = 95.582 us, total = 469.210 ms
Event stats:
	RaySyncer.deadline_timer.report_resource_report - 1082 total (1 active), CPU time: mean = 78.100 us, total = 84.505 ms
	NodeManagerService.grpc_client.RequestResourceReport - 1013 total (0 active), CPU time: mean = 77.721 us, total = 78.732 ms
	ResourceUpdate - 1013 total (0 active), CPU time: mean = 28.667 us, total = 29.040 ms
	NodeManagerService.grpc_client.UpdateResourceUsage - 1009 total (0 active), CPU time: mean = 33.837 us, total = 34.142 ms
	InternalKVGcsService.grpc_server.InternalKVPut - 171 total (0 active), CPU time: mean = 47.180 us, total = 8.068 ms
	MemoryInternalKV.Put - 171 total (0 active), CPU time: mean = 478.824 us, total = 81.879 ms
	InternalKVGcsService.grpc_server.InternalKVGet - 159 total (0 active), CPU time: mean = 92.285 us, total = 14.673 ms
	MemoryInternalKV.Get - 159 total (0 active), CPU time: mean = 336.660 us, total = 53.529 ms
	NodeInfoGcsService.grpc_server.GetAllNodeInfo - 51 total (0 active), CPU time: mean = 209.232 us, total = 10.671 ms
	NodeResourceInfoGcsService.grpc_server.GetAllResourceUsage - 24 total (0 active), CPU time: mean = 331.400 us, total = 7.954 ms
	NodeResourceInfoGcsService.grpc_server.GetResources - 23 total (0 active), CPU time: mean = 182.475 us, total = 4.197 ms
	GCSServer.deadline_timer.debug_state_dump - 12 total (1 active), CPU time: mean = 1.662 ms, total = 19.939 ms
	GcsInMemoryStore.GetAll - 6 total (0 active), CPU time: mean = 6.086 ms, total = 36.513 ms
	PeriodicalRunner.RunFnPeriodically - 3 total (0 active), CPU time: mean = 687.633 us, total = 2.063 ms
	GCSServer.deadline_timer.debug_state_event_stats_print - 2 total (1 active, 1 running), CPU time: mean = 467.273 us, total = 934.546 us
	GcsInMemoryStore.Put - 2 total (0 active), CPU time: mean = 173.374 us, total = 346.747 us
	ActorInfoGcsService.grpc_server.GetAllActorInfo - 1 total (0 active), CPU time: mean = 180.176 us, total = 180.176 us
	NodeInfoGcsService.grpc_server.GetInternalConfig - 1 total (0 active), CPU time: mean = 62.798 us, total = 62.798 us
	GcsInMemoryStore.Get - 1 total (0 active), CPU time: mean = 645.697 us, total = 645.697 us
	InternalKVGcsService.grpc_server.InternalKVKeys - 1 total (0 active), CPU time: mean = 29.160 us, total = 29.160 us
	InternalKVGcsService.grpc_server.InternalKVDel - 1 total (0 active), CPU time: mean = 25.106 us, total = 25.106 us
	MemoryInternalKV.Del - 1 total (0 active), CPU time: mean = 410.156 us, total = 410.156 us
	JobInfoGcsService.grpc_server.GetAllJobInfo - 1 total (0 active), CPU time: mean = 68.439 us, total = 68.439 us
	MemoryInternalKV.Keys - 1 total (0 active), CPU time: mean = 454.322 us, total = 454.322 us
	NodeInfoGcsService.grpc_server.RegisterNode - 1 total (0 active), CPU time: mean = 149.819 us, total = 149.819 us


[2022-05-16 06:45:20,080 I 40496 46288] (gcs_server.exe) gcs_server.cc:191: GcsNodeManager: 
- RegisterNode request count: 1
- DrainNode request count: 0
- GetAllNodeInfo request count: 75
- GetInternalConfig request count: 1

GcsActorManager: 
- RegisterActor request count: 0
- CreateActor request count: 0
- GetActorInfo request count: 0
- GetNamedActorInfo request count: 0
- GetAllActorInfo request count: 1
- KillActor request count: 0
- ListNamedActors request count: 0
- Registered actors count: 0
- Destroyed actors count: 0
- Named actors count: 0
- Unresolved actors count: 0
- Pending actors count: 0
- Created actors count: 0
- owners_: 0
- actor_to_register_callbacks_: 0
- actor_to_create_callbacks_: 0
- sorted_destroyed_actor_list_: 0

GcsResourceManager: 
- GetResources request count: 35
- GetAllAvailableResources request count0
- UpdateResources request count: 0
- DeleteResources request count: 0
- ReportResourceUsage request count: 0
- GetAllResourceUsage request count: 36

GcsPlacementGroupManager: 
- CreatePlacementGroup request count: 0
- RemovePlacementGroup request count: 0
- GetPlacementGroup request count: 0
- GetAllPlacementGroup request count: 0
- WaitPlacementGroupUntilReady request count: 0
- GetNamedPlacementGroup request count: 0
- Scheduling pending placement group count: 0
- Registered placement groups count: 0
- Named placement group count: 0
- Pending placement groups count: 0
- Infeasible placement groups count: 0

GcsPubSub:
- num channels subscribed to: 0
- total commands queued: 0

[runtime env manager] ID to URIs table:
[runtime env manager] URIs reference table:

GrpcBasedResourceBroadcaster:
- Tracked nodes: 1
[2022-05-16 06:45:20,081 I 40496 46288] (gcs_server.exe) gcs_server.cc:632: Event stats:


Global stats: 7455 total (3 active)
Queueing time: mean = 2.485 ms, max = 415.048 ms, min = -0.003 s, total = 18.526 s
Execution time:  mean = 81.541 us, total = 607.889 ms
Event stats:
	RaySyncer.deadline_timer.report_resource_report - 1634 total (1 active), CPU time: mean = 69.206 us, total = 113.083 ms
	NodeManagerService.grpc_client.RequestResourceReport - 1564 total (0 active), CPU time: mean = 75.914 us, total = 118.730 ms
	ResourceUpdate - 1564 total (0 active), CPU time: mean = 28.209 us, total = 44.119 ms
	NodeManagerService.grpc_client.UpdateResourceUsage - 1560 total (0 active), CPU time: mean = 30.652 us, total = 47.817 ms
	InternalKVGcsService.grpc_server.InternalKVPut - 255 total (0 active), CPU time: mean = 41.471 us, total = 10.575 ms
	MemoryInternalKV.Put - 255 total (0 active), CPU time: mean = 361.224 us, total = 92.112 ms
	InternalKVGcsService.grpc_server.InternalKVGet - 218 total (0 active), CPU time: mean = 75.644 us, total = 16.490 ms
	MemoryInternalKV.Get - 218 total (0 active), CPU time: mean = 288.610 us, total = 62.917 ms
	NodeInfoGcsService.grpc_server.GetAllNodeInfo - 75 total (0 active), CPU time: mean = 192.858 us, total = 14.464 ms
	NodeResourceInfoGcsService.grpc_server.GetAllResourceUsage - 36 total (0 active), CPU time: mean = 276.755 us, total = 9.963 ms
	NodeResourceInfoGcsService.grpc_server.GetResources - 35 total (0 active), CPU time: mean = 174.460 us, total = 6.106 ms
	GCSServer.deadline_timer.debug_state_dump - 18 total (1 active), CPU time: mean = 1.619 ms, total = 29.139 ms
	GcsInMemoryStore.GetAll - 6 total (0 active), CPU time: mean = 6.086 ms, total = 36.513 ms
	GCSServer.deadline_timer.debug_state_event_stats_print - 3 total (1 active, 1 running), CPU time: mean = 474.749 us, total = 1.424 ms
	PeriodicalRunner.RunFnPeriodically - 3 total (0 active), CPU time: mean = 687.633 us, total = 2.063 ms
	GcsInMemoryStore.Put - 2 total (0 active), CPU time: mean = 173.374 us, total = 346.747 us
	ActorInfoGcsService.grpc_server.GetAllActorInfo - 1 total (0 active), CPU time: mean = 180.176 us, total = 180.176 us
	NodeInfoGcsService.grpc_server.GetInternalConfig - 1 total (0 active), CPU time: mean = 62.798 us, total = 62.798 us
	GcsInMemoryStore.Get - 1 total (0 active), CPU time: mean = 645.697 us, total = 645.697 us
	InternalKVGcsService.grpc_server.InternalKVKeys - 1 total (0 active), CPU time: mean = 29.160 us, total = 29.160 us
	InternalKVGcsService.grpc_server.InternalKVDel - 1 total (0 active), CPU time: mean = 25.106 us, total = 25.106 us
	MemoryInternalKV.Del - 1 total (0 active), CPU time: mean = 410.156 us, total = 410.156 us
	JobInfoGcsService.grpc_server.GetAllJobInfo - 1 total (0 active), CPU time: mean = 68.439 us, total = 68.439 us
	MemoryInternalKV.Keys - 1 total (0 active), CPU time: mean = 454.322 us, total = 454.322 us
	NodeInfoGcsService.grpc_server.RegisterNode - 1 total (0 active), CPU time: mean = 149.819 us, total = 149.819 us


[2022-05-16 06:46:06,560 I 40496 46288] (gcs_server.exe) gcs_resource_report_poller.cc:143: Couldn't get resource request from raylet 9663bd940a0daa64eeca0c373c0aade2f22e2da599d3f0953fc63fb3: GrpcUnavailable: RPC Error message: failed to connect to all addresses; RPC Error details: 
[2022-05-16 06:46:08,605 I 40496 46288] (gcs_server.exe) gcs_resource_report_poller.cc:143: Couldn't get resource request from raylet 9663bd940a0daa64eeca0c373c0aade2f22e2da599d3f0953fc63fb3: GrpcUnavailable: RPC Error message: failed to connect to all addresses; RPC Error details: 
[2022-05-16 06:46:10,647 I 40496 46288] (gcs_server.exe) gcs_resource_report_poller.cc:143: Couldn't get resource request from raylet 9663bd940a0daa64eeca0c373c0aade2f22e2da599d3f0953fc63fb3: GrpcUnavailable: RPC Error message: failed to connect to all addresses; RPC Error details: 
[2022-05-16 06:46:10,757 I 40496 46288] (gcs_server.exe) gcs_resource_report_poller.cc:143: Couldn't get resource request from raylet 9663bd940a0daa64eeca0c373c0aade2f22e2da599d3f0953fc63fb3: GrpcUnavailable: RPC Error message: failed to connect to all addresses; RPC Error details: 
[2022-05-16 06:46:10,864 I 40496 46288] (gcs_server.exe) gcs_resource_report_poller.cc:143: Couldn't get resource request from raylet 9663bd940a0daa64eeca0c373c0aade2f22e2da599d3f0953fc63fb3: GrpcUnavailable: RPC Error message: failed to connect to all addresses; RPC Error details: 
[2022-05-16 06:46:10,974 I 40496 46288] (gcs_server.exe) gcs_resource_report_poller.cc:143: Couldn't get resource request from raylet 9663bd940a0daa64eeca0c373c0aade2f22e2da599d3f0953fc63fb3: GrpcUnavailable: RPC Error message: failed to connect to all addresses; RPC Error details: 
[2022-05-16 06:46:11,085 I 40496 46288] (gcs_server.exe) gcs_resource_report_poller.cc:143: Couldn't get resource request from raylet 9663bd940a0daa64eeca0c373c0aade2f22e2da599d3f0953fc63fb3: GrpcUnavailable: RPC Error message: failed to connect to all addresses; RPC Error details: 
[2022-05-16 06:46:11,194 I 40496 46288] (gcs_server.exe) gcs_resource_report_poller.cc:143: Couldn't get resource request from raylet 9663bd940a0daa64eeca0c373c0aade2f22e2da599d3f0953fc63fb3: GrpcUnavailable: RPC Error message: failed to connect to all addresses; RPC Error details: 
[2022-05-16 06:46:11,302 I 40496 46288] (gcs_server.exe) gcs_resource_report_poller.cc:143: Couldn't get resource request from raylet 9663bd940a0daa64eeca0c373c0aade2f22e2da599d3f0953fc63fb3: GrpcUnavailable: RPC Error message: failed to connect to all addresses; RPC Error details: 
[2022-05-16 06:46:11,412 I 40496 46288] (gcs_server.exe) gcs_resource_report_poller.cc:143: Couldn't get resource request from raylet 9663bd940a0daa64eeca0c373c0aade2f22e2da599d3f0953fc63fb3: GrpcUnavailable: RPC Error message: failed to connect to all addresses; RPC Error details: 
[2022-05-16 06:46:13,552 I 40496 46288] (gcs_server.exe) gcs_resource_report_poller.cc:143: Couldn't get resource request from raylet 9663bd940a0daa64eeca0c373c0aade2f22e2da599d3f0953fc63fb3: GrpcUnavailable: RPC Error message: failed to connect to all addresses; RPC Error details: 
[2022-05-16 06:46:13,667 I 40496 46288] (gcs_server.exe) gcs_resource_report_poller.cc:143: Couldn't get resource request from raylet 9663bd940a0daa64eeca0c373c0aade2f22e2da599d3f0953fc63fb3: GrpcUnavailable: RPC Error message: failed to connect to all addresses; RPC Error details: 
[2022-05-16 06:46:13,776 I 40496 46288] (gcs_server.exe) gcs_resource_report_poller.cc:143: Couldn't get resource request from raylet 9663bd940a0daa64eeca0c373c0aade2f22e2da599d3f0953fc63fb3: GrpcUnavailable: RPC Error message: failed to connect to all addresses; RPC Error details: 
[2022-05-16 06:46:13,882 I 40496 46288] (gcs_server.exe) gcs_resource_report_poller.cc:143: Couldn't get resource request from raylet 9663bd940a0daa64eeca0c373c0aade2f22e2da599d3f0953fc63fb3: GrpcUnavailable: RPC Error message: failed to connect to all addresses; RPC Error details: 
[2022-05-16 06:46:13,991 I 40496 46288] (gcs_server.exe) gcs_resource_report_poller.cc:143: Couldn't get resource request from raylet 9663bd940a0daa64eeca0c373c0aade2f22e2da599d3f0953fc63fb3: GrpcUnavailable: RPC Error message: failed to connect to all addresses; RPC Error details: 
[2022-05-16 06:46:14,098 I 40496 46288] (gcs_server.exe) gcs_resource_report_poller.cc:143: Couldn't get resource request from raylet 9663bd940a0daa64eeca0c373c0aade2f22e2da599d3f0953fc63fb3: GrpcUnavailable: RPC Error message: failed to connect to all addresses; RPC Error details: 
[2022-05-16 06:46:14,207 I 40496 46288] (gcs_server.exe) gcs_resource_report_poller.cc:143: Couldn't get resource request from raylet 9663bd940a0daa64eeca0c373c0aade2f22e2da599d3f0953fc63fb3: GrpcUnavailable: RPC Error message: failed to connect to all addresses; RPC Error details: 
[2022-05-16 06:46:14,316 I 40496 46288] (gcs_server.exe) gcs_resource_report_poller.cc:143: Couldn't get resource request from raylet 9663bd940a0daa64eeca0c373c0aade2f22e2da599d3f0953fc63fb3: GrpcUnavailable: RPC Error message: failed to connect to all addresses; RPC Error details: 
[2022-05-16 06:46:14,425 I 40496 46288] (gcs_server.exe) gcs_resource_report_poller.cc:143: Couldn't get resource request from raylet 9663bd940a0daa64eeca0c373c0aade2f22e2da599d3f0953fc63fb3: GrpcUnavailable: RPC Error message: failed to connect to all addresses; RPC Error details: 
[2022-05-16 06:46:14,533 I 40496 46288] (gcs_server.exe) gcs_resource_report_poller.cc:143: Couldn't get resource request from raylet 9663bd940a0daa64eeca0c373c0aade2f22e2da599d3f0953fc63fb3: GrpcUnavailable: RPC Error message: failed to connect to all addresses; RPC Error details: 
[2022-05-16 06:46:14,641 I 40496 46288] (gcs_server.exe) gcs_resource_report_poller.cc:143: Couldn't get resource request from raylet 9663bd940a0daa64eeca0c373c0aade2f22e2da599d3f0953fc63fb3: GrpcUnavailable: RPC Error message: failed to connect to all addresses; RPC Error details: 
[2022-05-16 06:46:14,749 I 40496 46288] (gcs_server.exe) gcs_resource_report_poller.cc:143: Couldn't get resource request from raylet 9663bd940a0daa64eeca0c373c0aade2f22e2da599d3f0953fc63fb3: GrpcUnavailable: RPC Error message: failed to connect to all addresses; RPC Error details: 
[2022-05-16 06:46:14,858 I 40496 46288] (gcs_server.exe) gcs_resource_report_poller.cc:143: Couldn't get resource request from raylet 9663bd940a0daa64eeca0c373c0aade2f22e2da599d3f0953fc63fb3: GrpcUnavailable: RPC Error message: failed to connect to all addresses; RPC Error details: 
[2022-05-16 06:46:14,967 I 40496 46288] (gcs_server.exe) gcs_resource_report_poller.cc:143: Couldn't get resource request from raylet 9663bd940a0daa64eeca0c373c0aade2f22e2da599d3f0953fc63fb3: GrpcUnavailable: RPC Error message: failed to connect to all addresses; RPC Error details: 
[2022-05-16 06:46:17,016 I 40496 46288] (gcs_server.exe) gcs_resource_report_poller.cc:143: Couldn't get resource request from raylet 9663bd940a0daa64eeca0c373c0aade2f22e2da599d3f0953fc63fb3: GrpcUnavailable: RPC Error message: failed to connect to all addresses; RPC Error details: 
[2022-05-16 06:46:17,121 I 40496 46288] (gcs_server.exe) gcs_resource_report_poller.cc:143: Couldn't get resource request from raylet 9663bd940a0daa64eeca0c373c0aade2f22e2da599d3f0953fc63fb3: GrpcUnavailable: RPC Error message: failed to connect to all addresses; RPC Error details: 
[2022-05-16 06:46:17,232 I 40496 46288] (gcs_server.exe) gcs_resource_report_poller.cc:143: Couldn't get resource request from raylet 9663bd940a0daa64eeca0c373c0aade2f22e2da599d3f0953fc63fb3: GrpcUnavailable: RPC Error message: failed to connect to all addresses; RPC Error details: 
[2022-05-16 06:46:17,337 I 40496 46288] (gcs_server.exe) gcs_resource_report_poller.cc:143: Couldn't get resource request from raylet 9663bd940a0daa64eeca0c373c0aade2f22e2da599d3f0953fc63fb3: GrpcUnavailable: RPC Error message: failed to connect to all addresses; RPC Error details: 
[2022-05-16 06:46:17,447 I 40496 46288] (gcs_server.exe) gcs_resource_report_poller.cc:143: Couldn't get resource request from raylet 9663bd940a0daa64eeca0c373c0aade2f22e2da599d3f0953fc63fb3: GrpcUnavailable: RPC Error message: failed to connect to all addresses; RPC Error details: 
[2022-05-16 06:46:17,555 I 40496 46288] (gcs_server.exe) gcs_resource_report_poller.cc:143: Couldn't get resource request from raylet 9663bd940a0daa64eeca0c373c0aade2f22e2da599d3f0953fc63fb3: GrpcUnavailable: RPC Error message: failed to connect to all addresses; RPC Error details: 
[2022-05-16 06:46:17,664 I 40496 46288] (gcs_server.exe) gcs_resource_report_poller.cc:143: Couldn't get resource request from raylet 9663bd940a0daa64eeca0c373c0aade2f22e2da599d3f0953fc63fb3: GrpcUnavailable: RPC Error message: failed to connect to all addresses; RPC Error details: 
[2022-05-16 06:46:17,772 I 40496 46288] (gcs_server.exe) gcs_resource_report_poller.cc:143: Couldn't get resource request from raylet 9663bd940a0daa64eeca0c373c0aade2f22e2da599d3f0953fc63fb3: GrpcUnavailable: RPC Error message: failed to connect to all addresses; RPC Error details: 
[2022-05-16 06:46:17,883 I 40496 46288] (gcs_server.exe) gcs_resource_report_poller.cc:143: Couldn't get resource request from raylet 9663bd940a0daa64eeca0c373c0aade2f22e2da599d3f0953fc63fb3: GrpcUnavailable: RPC Error message: failed to connect to all addresses; RPC Error details: 
[2022-05-16 06:46:17,991 I 40496 46288] (gcs_server.exe) gcs_resource_report_poller.cc:143: Couldn't get resource request from raylet 9663bd940a0daa64eeca0c373c0aade2f22e2da599d3f0953fc63fb3: GrpcUnavailable: RPC Error message: failed to connect to all addresses; RPC Error details: 
[2022-05-16 06:46:18,099 I 40496 46288] (gcs_server.exe) gcs_resource_report_poller.cc:143: Couldn't get resource request from raylet 9663bd940a0daa64eeca0c373c0aade2f22e2da599d3f0953fc63fb3: GrpcUnavailable: RPC Error message: failed to connect to all addresses; RPC Error details: 
[2022-05-16 06:46:18,207 I 40496 46288] (gcs_server.exe) gcs_resource_report_poller.cc:143: Couldn't get resource request from raylet 9663bd940a0daa64eeca0c373c0aade2f22e2da599d3f0953fc63fb3: GrpcUnavailable: RPC Error message: failed to connect to all addresses; RPC Error details: 
[2022-05-16 06:46:18,316 I 40496 46288] (gcs_server.exe) gcs_resource_report_poller.cc:143: Couldn't get resource request from raylet 9663bd940a0daa64eeca0c373c0aade2f22e2da599d3f0953fc63fb3: GrpcUnavailable: RPC Error message: failed to connect to all addresses; RPC Error details: 
[2022-05-16 06:46:18,424 I 40496 46288] (gcs_server.exe) gcs_resource_report_poller.cc:143: Couldn't get resource request from raylet 9663bd940a0daa64eeca0c373c0aade2f22e2da599d3f0953fc63fb3: GrpcUnavailable: RPC Error message: failed to connect to all addresses; RPC Error details: 
[2022-05-16 06:46:18,533 I 40496 46288] (gcs_server.exe) gcs_resource_report_poller.cc:143: Couldn't get resource request from raylet 9663bd940a0daa64eeca0c373c0aade2f22e2da599d3f0953fc63fb3: GrpcUnavailable: RPC Error message: failed to connect to all addresses; RPC Error details: 
[2022-05-16 06:46:18,641 I 40496 46288] (gcs_server.exe) gcs_resource_report_poller.cc:143: Couldn't get resource request from raylet 9663bd940a0daa64eeca0c373c0aade2f22e2da599d3f0953fc63fb3: GrpcUnavailable: RPC Error message: failed to connect to all addresses; RPC Error details: 
[2022-05-16 06:46:18,751 I 40496 46288] (gcs_server.exe) gcs_resource_report_poller.cc:143: Couldn't get resource request from raylet 9663bd940a0daa64eeca0c373c0aade2f22e2da599d3f0953fc63fb3: GrpcUnavailable: RPC Error message: failed to connect to all addresses; RPC Error details: 
[2022-05-16 06:46:18,860 I 40496 46288] (gcs_server.exe) gcs_resource_report_poller.cc:143: Couldn't get resource request from raylet 9663bd940a0daa64eeca0c373c0aade2f22e2da599d3f0953fc63fb3: GrpcUnavailable: RPC Error message: failed to connect to all addresses; RPC Error details: 
[2022-05-16 06:46:18,970 I 40496 46288] (gcs_server.exe) gcs_resource_report_poller.cc:143: Couldn't get resource request from raylet 9663bd940a0daa64eeca0c373c0aade2f22e2da599d3f0953fc63fb3: GrpcUnavailable: RPC Error message: failed to connect to all addresses; RPC Error details: 
[2022-05-16 06:46:19,078 I 40496 46288] (gcs_server.exe) gcs_resource_report_poller.cc:143: Couldn't get resource request from raylet 9663bd940a0daa64eeca0c373c0aade2f22e2da599d3f0953fc63fb3: GrpcUnavailable: RPC Error message: failed to connect to all addresses; RPC Error details: 
[2022-05-16 06:46:19,187 I 40496 46288] (gcs_server.exe) gcs_resource_report_poller.cc:143: Couldn't get resource request from raylet 9663bd940a0daa64eeca0c373c0aade2f22e2da599d3f0953fc63fb3: GrpcUnavailable: RPC Error message: failed to connect to all addresses; RPC Error details: 
[2022-05-16 06:46:19,297 I 40496 46288] (gcs_server.exe) gcs_resource_report_poller.cc:143: Couldn't get resource request from raylet 9663bd940a0daa64eeca0c373c0aade2f22e2da599d3f0953fc63fb3: GrpcUnavailable: RPC Error message: failed to connect to all addresses; RPC Error details: 
[2022-05-16 06:46:19,406 I 40496 46288] (gcs_server.exe) gcs_resource_report_poller.cc:143: Couldn't get resource request from raylet 9663bd940a0daa64eeca0c373c0aade2f22e2da599d3f0953fc63fb3: GrpcUnavailable: RPC Error message: failed to connect to all addresses; RPC Error details: 
[2022-05-16 06:46:19,514 I 40496 46288] (gcs_server.exe) gcs_resource_report_poller.cc:143: Couldn't get resource request from raylet 9663bd940a0daa64eeca0c373c0aade2f22e2da599d3f0953fc63fb3: GrpcUnavailable: RPC Error message: failed to connect to all addresses; RPC Error details: 
[2022-05-16 06:46:19,622 I 40496 46288] (gcs_server.exe) gcs_resource_report_poller.cc:143: Couldn't get resource request from raylet 9663bd940a0daa64eeca0c373c0aade2f22e2da599d3f0953fc63fb3: GrpcUnavailable: RPC Error message: failed to connect to all addresses; RPC Error details: 
[2022-05-16 06:46:19,732 I 40496 46288] (gcs_server.exe) gcs_resource_report_poller.cc:143: Couldn't get resource request from raylet 9663bd940a0daa64eeca0c373c0aade2f22e2da599d3f0953fc63fb3: GrpcUnavailable: RPC Error message: failed to connect to all addresses; RPC Error details: 
[2022-05-16 06:46:19,840 I 40496 46288] (gcs_server.exe) gcs_resource_report_poller.cc:143: Couldn't get resource request from raylet 9663bd940a0daa64eeca0c373c0aade2f22e2da599d3f0953fc63fb3: GrpcUnavailable: RPC Error message: failed to connect to all addresses; RPC Error details: 
[2022-05-16 06:46:19,950 I 40496 46288] (gcs_server.exe) gcs_resource_report_poller.cc:143: Couldn't get resource request from raylet 9663bd940a0daa64eeca0c373c0aade2f22e2da599d3f0953fc63fb3: GrpcUnavailable: RPC Error message: failed to connect to all addresses; RPC Error details: 
[2022-05-16 06:46:20,059 I 40496 46288] (gcs_server.exe) gcs_resource_report_poller.cc:143: Couldn't get resource request from raylet 9663bd940a0daa64eeca0c373c0aade2f22e2da599d3f0953fc63fb3: GrpcUnavailable: RPC Error message: failed to connect to all addresses; RPC Error details: 
[2022-05-16 06:46:20,090 I 40496 46288] (gcs_server.exe) gcs_server.cc:191: GcsNodeManager: 
- RegisterNode request count: 1
- DrainNode request count: 0
- GetAllNodeInfo request count: 99
- GetInternalConfig request count: 1

GcsActorManager: 
- RegisterActor request count: 0
- CreateActor request count: 0
- GetActorInfo request count: 0
- GetNamedActorInfo request count: 0
- GetAllActorInfo request count: 1
- KillActor request count: 0
- ListNamedActors request count: 0
- Registered actors count: 0
- Destroyed actors count: 0
- Named actors count: 0
- Unresolved actors count: 0
- Pending actors count: 0
- Created actors count: 0
- owners_: 0
- actor_to_register_callbacks_: 0
- actor_to_create_callbacks_: 0
- sorted_destroyed_actor_list_: 0

GcsResourceManager: 
- GetResources request count: 47
- GetAllAvailableResources request count0
- UpdateResources request count: 0
- DeleteResources request count: 0
- ReportResourceUsage request count: 0
- GetAllResourceUsage request count: 48

GcsPlacementGroupManager: 
- CreatePlacementGroup request count: 0
- RemovePlacementGroup request count: 0
- GetPlacementGroup request count: 0
- GetAllPlacementGroup request count: 0
- WaitPlacementGroupUntilReady request count: 0
- GetNamedPlacementGroup request count: 0
- Scheduling pending placement group count: 0
- Registered placement groups count: 0
- Named placement group count: 0
- Pending placement groups count: 0
- Infeasible placement groups count: 0

GcsPubSub:
- num channels subscribed to: 0
- total commands queued: 0

[runtime env manager] ID to URIs table:
[runtime env manager] URIs reference table:

GrpcBasedResourceBroadcaster:
- Tracked nodes: 1
[2022-05-16 06:46:20,091 I 40496 46288] (gcs_server.exe) gcs_server.cc:632: Event stats:


Global stats: 9586 total (3 active)
Queueing time: mean = 2.498 ms, max = 415.048 ms, min = -0.003 s, total = 23.949 s
Execution time:  mean = 80.803 us, total = 774.574 ms
Event stats:
	RaySyncer.deadline_timer.report_resource_report - 2183 total (1 active), CPU time: mean = 64.715 us, total = 141.272 ms
	NodeManagerService.grpc_client.RequestResourceReport - 2018 total (0 active), CPU time: mean = 79.477 us, total = 160.384 ms
	ResourceUpdate - 1965 total (0 active), CPU time: mean = 28.699 us, total = 56.393 ms
	NodeManagerService.grpc_client.UpdateResourceUsage - 1962 total (0 active), CPU time: mean = 30.693 us, total = 60.220 ms
	InternalKVGcsService.grpc_server.InternalKVPut - 338 total (0 active), CPU time: mean = 39.683 us, total = 13.413 ms
	MemoryInternalKV.Put - 338 total (0 active), CPU time: mean = 328.150 us, total = 110.915 ms
	InternalKVGcsService.grpc_server.InternalKVGet - 270 total (0 active), CPU time: mean = 72.273 us, total = 19.514 ms
	MemoryInternalKV.Get - 270 total (0 active), CPU time: mean = 319.174 us, total = 86.177 ms
	NodeInfoGcsService.grpc_server.GetAllNodeInfo - 99 total (0 active), CPU time: mean = 210.039 us, total = 20.794 ms
	NodeResourceInfoGcsService.grpc_server.GetAllResourceUsage - 48 total (0 active), CPU time: mean = 284.326 us, total = 13.648 ms
	NodeResourceInfoGcsService.grpc_server.GetResources - 47 total (0 active), CPU time: mean = 210.294 us, total = 9.884 ms
	GCSServer.deadline_timer.debug_state_dump - 24 total (1 active), CPU time: mean = 1.634 ms, total = 39.210 ms
	GcsInMemoryStore.GetAll - 6 total (0 active), CPU time: mean = 6.086 ms, total = 36.513 ms
	GCSServer.deadline_timer.debug_state_event_stats_print - 4 total (1 active, 1 running), CPU time: mean = 450.852 us, total = 1.803 ms
	PeriodicalRunner.RunFnPeriodically - 3 total (0 active), CPU time: mean = 687.633 us, total = 2.063 ms
	GcsInMemoryStore.Put - 2 total (0 active), CPU time: mean = 173.374 us, total = 346.747 us
	ActorInfoGcsService.grpc_server.GetAllActorInfo - 1 total (0 active), CPU time: mean = 180.176 us, total = 180.176 us
	NodeInfoGcsService.grpc_server.GetInternalConfig - 1 total (0 active), CPU time: mean = 62.798 us, total = 62.798 us
	GcsInMemoryStore.Get - 1 total (0 active), CPU time: mean = 645.697 us, total = 645.697 us
	InternalKVGcsService.grpc_server.InternalKVKeys - 1 total (0 active), CPU time: mean = 29.160 us, total = 29.160 us
	InternalKVGcsService.grpc_server.InternalKVDel - 1 total (0 active), CPU time: mean = 25.106 us, total = 25.106 us
	MemoryInternalKV.Del - 1 total (0 active), CPU time: mean = 410.156 us, total = 410.156 us
	JobInfoGcsService.grpc_server.GetAllJobInfo - 1 total (0 active), CPU time: mean = 68.439 us, total = 68.439 us
	MemoryInternalKV.Keys - 1 total (0 active), CPU time: mean = 454.322 us, total = 454.322 us
	NodeInfoGcsService.grpc_server.RegisterNode - 1 total (0 active), CPU time: mean = 149.819 us, total = 149.819 us


[2022-05-16 06:46:20,168 I 40496 46288] (gcs_server.exe) gcs_resource_report_poller.cc:143: Couldn't get resource request from raylet 9663bd940a0daa64eeca0c373c0aade2f22e2da599d3f0953fc63fb3: GrpcUnavailable: RPC Error message: failed to connect to all addresses; RPC Error details: 
[2022-05-16 06:46:20,278 I 40496 46288] (gcs_server.exe) gcs_resource_report_poller.cc:143: Couldn't get resource request from raylet 9663bd940a0daa64eeca0c373c0aade2f22e2da599d3f0953fc63fb3: GrpcUnavailable: RPC Error message: failed to connect to all addresses; RPC Error details: 
[2022-05-16 06:46:20,387 I 40496 46288] (gcs_server.exe) gcs_resource_report_poller.cc:143: Couldn't get resource request from raylet 9663bd940a0daa64eeca0c373c0aade2f22e2da599d3f0953fc63fb3: GrpcUnavailable: RPC Error message: failed to connect to all addresses; RPC Error details: 
[2022-05-16 06:46:20,496 I 40496 46288] (gcs_server.exe) gcs_resource_report_poller.cc:143: Couldn't get resource request from raylet 9663bd940a0daa64eeca0c373c0aade2f22e2da599d3f0953fc63fb3: GrpcUnavailable: RPC Error message: failed to connect to all addresses; RPC Error details: 
[2022-05-16 06:46:20,605 I 40496 46288] (gcs_server.exe) gcs_resource_report_poller.cc:143: Couldn't get resource request from raylet 9663bd940a0daa64eeca0c373c0aade2f22e2da599d3f0953fc63fb3: GrpcUnavailable: RPC Error message: failed to connect to all addresses; RPC Error details: 
[2022-05-16 06:46:20,715 I 40496 46288] (gcs_server.exe) gcs_resource_report_poller.cc:143: Couldn't get resource request from raylet 9663bd940a0daa64eeca0c373c0aade2f22e2da599d3f0953fc63fb3: GrpcUnavailable: RPC Error message: failed to connect to all addresses; RPC Error details: 
[2022-05-16 06:46:20,825 I 40496 46288] (gcs_server.exe) gcs_resource_report_poller.cc:143: Couldn't get resource request from raylet 9663bd940a0daa64eeca0c373c0aade2f22e2da599d3f0953fc63fb3: GrpcUnavailable: RPC Error message: failed to connect to all addresses; RPC Error details: 
[2022-05-16 06:46:20,933 I 40496 46288] (gcs_server.exe) gcs_resource_report_poller.cc:143: Couldn't get resource request from raylet 9663bd940a0daa64eeca0c373c0aade2f22e2da599d3f0953fc63fb3: GrpcUnavailable: RPC Error message: failed to connect to all addresses; RPC Error details: 
[2022-05-16 06:46:21,040 I 40496 46288] (gcs_server.exe) gcs_resource_report_poller.cc:143: Couldn't get resource request from raylet 9663bd940a0daa64eeca0c373c0aade2f22e2da599d3f0953fc63fb3: GrpcUnavailable: RPC Error message: failed to connect to all addresses; RPC Error details: 
[2022-05-16 06:46:21,149 I 40496 46288] (gcs_server.exe) gcs_resource_report_poller.cc:143: Couldn't get resource request from raylet 9663bd940a0daa64eeca0c373c0aade2f22e2da599d3f0953fc63fb3: GrpcUnavailable: RPC Error message: failed to connect to all addresses; RPC Error details: 
[2022-05-16 06:46:21,258 I 40496 46288] (gcs_server.exe) gcs_resource_report_poller.cc:143: Couldn't get resource request from raylet 9663bd940a0daa64eeca0c373c0aade2f22e2da599d3f0953fc63fb3: GrpcUnavailable: RPC Error message: failed to connect to all addresses; RPC Error details: 
[2022-05-16 06:46:21,372 I 40496 46288] (gcs_server.exe) gcs_resource_report_poller.cc:143: Couldn't get resource request from raylet 9663bd940a0daa64eeca0c373c0aade2f22e2da599d3f0953fc63fb3: GrpcUnavailable: RPC Error message: failed to connect to all addresses; RPC Error details: 
[2022-05-16 06:46:21,485 I 40496 46288] (gcs_server.exe) gcs_resource_report_poller.cc:143: Couldn't get resource request from raylet 9663bd940a0daa64eeca0c373c0aade2f22e2da599d3f0953fc63fb3: GrpcUnavailable: RPC Error message: failed to connect to all addresses; RPC Error details: 
[2022-05-16 06:46:21,586 I 40496 46288] (gcs_server.exe) gcs_resource_report_poller.cc:143: Couldn't get resource request from raylet 9663bd940a0daa64eeca0c373c0aade2f22e2da599d3f0953fc63fb3: GrpcUnavailable: RPC Error message: failed to connect to all addresses; RPC Error details: 
[2022-05-16 06:46:21,696 I 40496 46288] (gcs_server.exe) gcs_resource_report_poller.cc:143: Couldn't get resource request from raylet 9663bd940a0daa64eeca0c373c0aade2f22e2da599d3f0953fc63fb3: GrpcUnavailable: RPC Error message: failed to connect to all addresses; RPC Error details: 
[2022-05-16 06:46:21,802 I 40496 46288] (gcs_server.exe) gcs_resource_report_poller.cc:143: Couldn't get resource request from raylet 9663bd940a0daa64eeca0c373c0aade2f22e2da599d3f0953fc63fb3: GrpcUnavailable: RPC Error message: failed to connect to all addresses; RPC Error details: 
[2022-05-16 06:46:21,904 I 40496 46288] (gcs_server.exe) gcs_resource_report_poller.cc:143: Couldn't get resource request from raylet 9663bd940a0daa64eeca0c373c0aade2f22e2da599d3f0953fc63fb3: GrpcUnavailable: RPC Error message: failed to connect to all addresses; RPC Error details: 
[2022-05-16 06:46:22,019 I 40496 46288] (gcs_server.exe) gcs_resource_report_poller.cc:143: Couldn't get resource request from raylet 9663bd940a0daa64eeca0c373c0aade2f22e2da599d3f0953fc63fb3: GrpcUnavailable: RPC Error message: failed to connect to all addresses; RPC Error details: 
[2022-05-16 06:46:22,132 I 40496 46288] (gcs_server.exe) gcs_resource_report_poller.cc:143: Couldn't get resource request from raylet 9663bd940a0daa64eeca0c373c0aade2f22e2da599d3f0953fc63fb3: GrpcUnavailable: RPC Error message: failed to connect to all addresses; RPC Error details: 
[2022-05-16 06:46:22,238 I 40496 46288] (gcs_server.exe) gcs_resource_report_poller.cc:143: Couldn't get resource request from raylet 9663bd940a0daa64eeca0c373c0aade2f22e2da599d3f0953fc63fb3: GrpcUnavailable: RPC Error message: failed to connect to all addresses; RPC Error details: 
[2022-05-16 06:46:22,341 I 40496 46288] (gcs_server.exe) gcs_resource_report_poller.cc:143: Couldn't get resource request from raylet 9663bd940a0daa64eeca0c373c0aade2f22e2da599d3f0953fc63fb3: GrpcUnavailable: RPC Error message: failed to connect to all addresses; RPC Error details: 
[2022-05-16 06:46:22,445 I 40496 46288] (gcs_server.exe) gcs_resource_report_poller.cc:143: Couldn't get resource request from raylet 9663bd940a0daa64eeca0c373c0aade2f22e2da599d3f0953fc63fb3: GrpcUnavailable: RPC Error message: failed to connect to all addresses; RPC Error details: 
[2022-05-16 06:46:22,553 I 40496 46288] (gcs_server.exe) gcs_resource_report_poller.cc:143: Couldn't get resource request from raylet 9663bd940a0daa64eeca0c373c0aade2f22e2da599d3f0953fc63fb3: GrpcUnavailable: RPC Error message: failed to connect to all addresses; RPC Error details: 
[2022-05-16 06:46:24,669 I 40496 46288] (gcs_server.exe) gcs_resource_report_poller.cc:143: Couldn't get resource request from raylet 9663bd940a0daa64eeca0c373c0aade2f22e2da599d3f0953fc63fb3: GrpcUnavailable: RPC Error message: failed to connect to all addresses; RPC Error details: 
[2022-05-16 06:46:24,770 I 40496 46288] (gcs_server.exe) gcs_resource_report_poller.cc:143: Couldn't get resource request from raylet 9663bd940a0daa64eeca0c373c0aade2f22e2da599d3f0953fc63fb3: GrpcUnavailable: RPC Error message: failed to connect to all addresses; RPC Error details: 
[2022-05-16 06:46:24,881 I 40496 46288] (gcs_server.exe) gcs_resource_report_poller.cc:143: Couldn't get resource request from raylet 9663bd940a0daa64eeca0c373c0aade2f22e2da599d3f0953fc63fb3: GrpcUnavailable: RPC Error message: failed to connect to all addresses; RPC Error details: 
[2022-05-16 06:46:24,991 I 40496 46288] (gcs_server.exe) gcs_resource_report_poller.cc:143: Couldn't get resource request from raylet 9663bd940a0daa64eeca0c373c0aade2f22e2da599d3f0953fc63fb3: GrpcUnavailable: RPC Error message: failed to connect to all addresses; RPC Error details: 
[2022-05-16 06:46:25,103 I 40496 46288] (gcs_server.exe) gcs_resource_report_poller.cc:143: Couldn't get resource request from raylet 9663bd940a0daa64eeca0c373c0aade2f22e2da599d3f0953fc63fb3: GrpcUnavailable: RPC Error message: failed to connect to all addresses; RPC Error details: 
[2022-05-16 06:46:25,213 I 40496 46288] (gcs_server.exe) gcs_resource_report_poller.cc:143: Couldn't get resource request from raylet 9663bd940a0daa64eeca0c373c0aade2f22e2da599d3f0953fc63fb3: GrpcUnavailable: RPC Error message: failed to connect to all addresses; RPC Error details: 
[2022-05-16 06:46:25,315 I 40496 46288] (gcs_server.exe) gcs_resource_report_poller.cc:143: Couldn't get resource request from raylet 9663bd940a0daa64eeca0c373c0aade2f22e2da599d3f0953fc63fb3: GrpcUnavailable: RPC Error message: failed to connect to all addresses; RPC Error details: 
[2022-05-16 06:46:25,419 I 40496 46288] (gcs_server.exe) gcs_resource_report_poller.cc:143: Couldn't get resource request from raylet 9663bd940a0daa64eeca0c373c0aade2f22e2da599d3f0953fc63fb3: GrpcUnavailable: RPC Error message: failed to connect to all addresses; RPC Error details: 
[2022-05-16 06:46:25,533 I 40496 46288] (gcs_server.exe) gcs_resource_report_poller.cc:143: Couldn't get resource request from raylet 9663bd940a0daa64eeca0c373c0aade2f22e2da599d3f0953fc63fb3: GrpcUnavailable: RPC Error message: failed to connect to all addresses; RPC Error details: 
[2022-05-16 06:46:25,646 I 40496 46288] (gcs_server.exe) gcs_resource_report_poller.cc:143: Couldn't get resource request from raylet 9663bd940a0daa64eeca0c373c0aade2f22e2da599d3f0953fc63fb3: GrpcUnavailable: RPC Error message: failed to connect to all addresses; RPC Error details: 
