[2022-05-16 06:42:26,338 I 19112 45072] (raylet.exe) io_service_pool.cc:35: IOServicePool is running with 1 io_service.
[2022-05-16 06:42:26,340 I 19112 45072] (raylet.exe) store_runner.cc:32: Allowing the Plasma store to use up to 2.65647GB of memory.
[2022-05-16 06:42:26,340 I 19112 45072] (raylet.exe) store_runner.cc:48: Starting object store with directory C:\Users\janguy\AppData\Local\Temp, fallback outputs, and huge page support disabled
[2022-05-16 06:42:26,342 I 19112 24508] (raylet.exe) store.cc:546: ========== Plasma store: =================
Current usage: 0 / 2.65647 GB
- num bytes created total: 0
0 pending objects of total size 0MB
- objects spillable: 0
- bytes spillable: 0
- objects unsealed: 0
- bytes unsealed: 0
- objects in use: 0
- bytes in use: 0
- objects evictable: 0
- bytes evictable: 0

- objects created by worker: 0
- bytes created by worker: 0
- objects restored: 0
- bytes restored: 0
- objects received: 0
- bytes received: 0
- objects errored: 0
- bytes errored: 0

[2022-05-16 06:42:26,354 I 19112 45072] (raylet.exe) grpc_server.cc:105: ObjectManager server started, listening on port 54964.
[2022-05-16 06:42:26,361 I 19112 45072] (raylet.exe) node_manager.cc:329: Initializing NodeManager with ID 9663bd940a0daa64eeca0c373c0aade2f22e2da599d3f0953fc63fb3
[2022-05-16 06:42:26,363 I 19112 45072] (raylet.exe) grpc_server.cc:105: NodeManager server started, listening on port 54966.
[2022-05-16 06:42:26,521 I 19112 42492] (raylet.exe) agent_manager.cc:88: Monitor agent process with pid 38244, register timeout 30000ms.
[2022-05-16 06:42:26,533 I 19112 45072] (raylet.exe) raylet.cc:111: Raylet of id, 9663bd940a0daa64eeca0c373c0aade2f22e2da599d3f0953fc63fb3 started. Raylet consists of node_manager and object_manager. node_manager address: 127.0.0.1:54966 object_manager address: 127.0.0.1:54964 hostname: 127.0.0.1
[2022-05-16 06:42:26,545 I 19112 45072] (raylet.exe) node_manager.cc:539: [state-dump] Event stats:
[state-dump] 
[state-dump] 
[state-dump] Global stats: 20 total (10 active)
[state-dump] Queueing time: mean = 18.217 ms, max = 185.311 ms, min = 18.300 us, total = 364.336 ms
[state-dump] Execution time:  mean = 10.017 ms, total = 200.345 ms
[state-dump] Event stats:
[state-dump] 	PeriodicalRunner.RunFnPeriodically - 7 total (1 active, 1 running), CPU time: mean = 569.314 us, total = 3.985 ms
[state-dump] 	InternalPubSubGcsService.grpc_client.GcsSubscriberCommandBatch - 1 total (1 active), CPU time: mean = 0.000 s, total = 0.000 s
[state-dump] 	NodeManager.deadline_timer.debug_state_dump - 1 total (1 active), CPU time: mean = 0.000 s, total = 0.000 s
[state-dump] 	ObjectManager.UpdateAvailableMemory - 1 total (0 active), CPU time: mean = 12.000 us, total = 12.000 us
[state-dump] 	NodeInfoGcsService.grpc_client.GetInternalConfig - 1 total (0 active), CPU time: mean = 189.065 ms, total = 189.065 ms
[state-dump] 	RayletWorkerPool.deadline_timer.kill_idle_workers - 1 total (1 active), CPU time: mean = 0.000 s, total = 0.000 s
[state-dump] 	NodeManager.deadline_timer.record_metrics - 1 total (1 active), CPU time: mean = 0.000 s, total = 0.000 s
[state-dump] 	NodeManager.deadline_timer.flush_free_objects - 1 total (1 active), CPU time: mean = 0.000 s, total = 0.000 s
[state-dump] 	InternalPubSubGcsService.grpc_client.GcsSubscriberPoll - 1 total (1 active), CPU time: mean = 0.000 s, total = 0.000 s
[state-dump] 	HeartbeatInfoGcsService.grpc_client.ReportHeartbeat - 1 total (1 active), CPU time: mean = 0.000 s, total = 0.000 s
[state-dump] 	UNKNOWN - 1 total (1 active), CPU time: mean = 0.000 s, total = 0.000 s
[state-dump] 	NodeInfoGcsService.grpc_client.RegisterNode - 1 total (0 active), CPU time: mean = 7.091 ms, total = 7.091 ms
[state-dump] 	NodeManagerService.grpc_server.RequestResourceReport - 1 total (0 active), CPU time: mean = 191.800 us, total = 191.800 us
[state-dump] 	GcsClient.deadline_timer.check_gcs_service_address - 1 total (1 active), CPU time: mean = 0.000 s, total = 0.000 s
[state-dump] 
[state-dump] NodeManager:
[state-dump] InitialConfigResources: {memory: 4.948068 GiB}, {GPU: 1.000000}, {CPU: 8.000000}, {node:127.0.0.1: 1.000000}, {object_store_memory: 2.474034 GiB}
[state-dump] ClusterTaskManager:
[state-dump] ========== Node: 9663bd940a0daa64eeca0c373c0aade2f22e2da599d3f0953fc63fb3 =================
[state-dump] Infeasible queue length: 0
[state-dump] Schedule queue length: 0
[state-dump] Dispatch queue length: 0
[state-dump] num_waiting_for_resource: 0
[state-dump] num_waiting_for_plasma_memory: 0
[state-dump] num_waiting_for_remote_node_resources: 0
[state-dump] num_worker_not_started_by_job_config_not_exist: 0
[state-dump] num_worker_not_started_by_registration_timeout: 0
[state-dump] num_worker_not_started_by_process_rate_limit: 0
[state-dump] num_tasks_waiting_for_workers: 0
[state-dump] num_cancelled_tasks: 0
[state-dump] cluster_resource_scheduler state: 
[state-dump] Local id: 1906704164000353146 Local resources: {
[state-dump] 	CPU: ([80000]:[80000])
[state-dump] 	MEM: ([53129478150000]:[53129478150000])
[state-dump] 	GPU: ([10000]:[10000])
[state-dump] 	OBJECT_STORE_MEM: ([26564739070000]:[26564739070000])
[state-dump] 	node:127.0.0.1:([10000]:[10000])
[state-dump] }
[state-dump] node id: 1906704164000353146 {
[state-dump] 	CPU: (80000:80000)
[state-dump] 	MEM: (53129478150000:53129478150000)
[state-dump] 	GPU: (10000:10000)
[state-dump] 	OBJECT_STORE_MEM: (26564739070000:26564739070000)
[state-dump] 	node:127.0.0.1:(10000:10000)
[state-dump] }
[state-dump] 
[state-dump] Waiting tasks size: 0
[state-dump] Number of executing tasks: 0
[state-dump] Number of pinned task arguments: 0
[state-dump] Resource usage {
[state-dump] }
[state-dump] Running tasks by scheduling class:
[state-dump] ==================================================
[state-dump] 
[state-dump] ClusterResources:
[state-dump] LocalObjectManager:
[state-dump] - num pinned objects: 0
[state-dump] - pinned objects size: 0
[state-dump] - num objects pending restore: 0
[state-dump] - num objects pending spill: 0
[state-dump] - num bytes pending spill: 0
[state-dump] - cumulative spill requests: 0
[state-dump] - cumulative restore requests: 0
[state-dump] 
[state-dump] ObjectManager:
[state-dump] - num local objects: 0
[state-dump] - num unfulfilled push requests: 0
[state-dump] - num pull requests: 0
[state-dump] - num chunks received total: 0
[state-dump] - num chunks received failed (all): 0
[state-dump] - num chunks received failed / cancelled: 0
[state-dump] - num chunks received failed / plasma error: 0
[state-dump] Event stats:
[state-dump] Global stats: 0 total (0 active)
[state-dump] Queueing time: mean = -nan(ind) s, max = -0.000 s, min = 9223372036.855 s, total = 0.000 s
[state-dump] Execution time:  mean = -nan(ind) s, total = 0.000 s
[state-dump] Event stats:
[state-dump] PushManager:
[state-dump] - num pushes in flight: 0
[state-dump] - num chunks in flight: 0
[state-dump] - num chunks remaining: 0
[state-dump] - max chunks allowed: 409
[state-dump] OwnershipBasedObjectDirectory:
[state-dump] - num listeners: 0
[state-dump] - cumulative location updates: 1996534382352
[state-dump] - num location updates per second: 0.000
[state-dump] - num location lookups per second: 499133631196000.000
[state-dump] - num locations added per second: 0.000
[state-dump] - num locations removed per second: 35173682450034000.000
[state-dump] BufferPool:
[state-dump] - create buffer state map size: 0
[state-dump] PullManager:
[state-dump] - num bytes available for pulled objects: 2656473907
[state-dump] - num bytes being pulled (all): 0
[state-dump] - num bytes being pulled / pinned: 0
[state-dump] - num get request bundles: 0
[state-dump] - num wait request bundles: 0
[state-dump] - num task request bundles: 0
[state-dump] - first get request bundle: N/A
[state-dump] - first wait request bundle: N/A
[state-dump] - first task request bundle: N/A
[state-dump] - num objects queued: 0
[state-dump] - num objects actively pulled (all): 0
[state-dump] - num objects actively pulled / pinned: 0
[state-dump] - num bundles being pulled: 0
[state-dump] - num pull retries: 0
[state-dump] - max timeout seconds: 0
[state-dump] - max timeout request is already processed. No entry.
[state-dump] 
[state-dump] WorkerPool:
[state-dump] - registered jobs: 0
[state-dump] - process_failed_job_config_missing: 0
[state-dump] - process_failed_rate_limited: 0
[state-dump] - process_failed_pending_registration: 0
[state-dump] - process_failed_runtime_env_setup_failed: 0
[state-dump] - num PYTHON workers: 0
[state-dump] - num PYTHON drivers: 0
[state-dump] - num object spill callbacks queued: 0
[state-dump] - num object restore queued: 0
[state-dump] - num util functions queued: 0
[state-dump] - num idle workers: 0
[state-dump] [runtime env manager] ID to URIs table:
[state-dump] [runtime env manager] URIs reference table:
[state-dump] TaskDependencyManager:
[state-dump] - task deps map size: 0
[state-dump] - get req map size: 0
[state-dump] - wait req map size: 0
[state-dump] - local objects map size: 0
[state-dump] WaitManager:
[state-dump] - num active wait requests: 0
[state-dump] Subscriber:
[state-dump] Channel WORKER_OBJECT_LOCATIONS_CHANNEL
[state-dump] - cumulative subscribe requests: 0
[state-dump] - cumulative unsubscribe requests: 0
[state-dump] - active subscribed publishers: 0
[state-dump] - cumulative published messages: 0
[state-dump] - cumulative processed messages: 0
[state-dump] Channel WORKER_REF_REMOVED_CHANNEL
[state-dump] - cumulative subscribe requests: 0
[state-dump] - cumulative unsubscribe requests: 0
[state-dump] - active subscribed publishers: 0
[state-dump] - cumulative published messages: 0
[state-dump] - cumulative processed messages: 0
[state-dump] Channel WORKER_OBJECT_EVICTION
[state-dump] - cumulative subscribe requests: 0
[state-dump] - cumulative unsubscribe requests: 0
[state-dump] - active subscribed publishers: 0
[state-dump] - cumulative published messages: 0
[state-dump] - cumulative processed messages: 0
[state-dump] num async plasma notifications: 0
[state-dump] Remote node managers: 
[state-dump] Event stats:
[state-dump] Global stats: 20 total (10 active)
[state-dump] Queueing time: mean = 18.217 ms, max = 185.311 ms, min = 18.300 us, total = 364.336 ms
[state-dump] Execution time:  mean = 10.017 ms, total = 200.345 ms
[state-dump] Event stats:
[state-dump] 	PeriodicalRunner.RunFnPeriodically - 7 total (1 active, 1 running), CPU time: mean = 569.314 us, total = 3.985 ms
[state-dump] 	InternalPubSubGcsService.grpc_client.GcsSubscriberCommandBatch - 1 total (1 active), CPU time: mean = 0.000 s, total = 0.000 s
[state-dump] 	NodeManager.deadline_timer.debug_state_dump - 1 total (1 active), CPU time: mean = 0.000 s, total = 0.000 s
[state-dump] 	ObjectManager.UpdateAvailableMemory - 1 total (0 active), CPU time: mean = 12.000 us, total = 12.000 us
[state-dump] 	NodeInfoGcsService.grpc_client.GetInternalConfig - 1 total (0 active), CPU time: mean = 189.065 ms, total = 189.065 ms
[state-dump] 	RayletWorkerPool.deadline_timer.kill_idle_workers - 1 total (1 active), CPU time: mean = 0.000 s, total = 0.000 s
[state-dump] 	NodeManager.deadline_timer.record_metrics - 1 total (1 active), CPU time: mean = 0.000 s, total = 0.000 s
[state-dump] 	NodeManager.deadline_timer.flush_free_objects - 1 total (1 active), CPU time: mean = 0.000 s, total = 0.000 s
[state-dump] 	InternalPubSubGcsService.grpc_client.GcsSubscriberPoll - 1 total (1 active), CPU time: mean = 0.000 s, total = 0.000 s
[state-dump] 	HeartbeatInfoGcsService.grpc_client.ReportHeartbeat - 1 total (1 active), CPU time: mean = 0.000 s, total = 0.000 s
[state-dump] 	UNKNOWN - 1 total (1 active), CPU time: mean = 0.000 s, total = 0.000 s
[state-dump] 	NodeInfoGcsService.grpc_client.RegisterNode - 1 total (0 active), CPU time: mean = 7.091 ms, total = 7.091 ms
[state-dump] 	NodeManagerService.grpc_server.RequestResourceReport - 1 total (0 active), CPU time: mean = 191.800 us, total = 191.800 us
[state-dump] 	GcsClient.deadline_timer.check_gcs_service_address - 1 total (1 active), CPU time: mean = 0.000 s, total = 0.000 s
[state-dump] DebugString() time ms: 0
[state-dump] 
[state-dump] 
[2022-05-16 06:42:26,548 I 19112 45072] (raylet.exe) accessor.cc:625: Received notification for node id = 9663bd940a0daa64eeca0c373c0aade2f22e2da599d3f0953fc63fb3, IsAlive = 1
[2022-05-16 06:42:31,501 I 19112 45072] (raylet.exe) agent_manager.cc:40: HandleRegisterAgent, ip: 127.0.0.1, port: 59670, pid: 38244
[2022-05-16 06:43:26,354 I 19112 24508] (raylet.exe) store.cc:546: ========== Plasma store: =================
Current usage: 0 / 2.65647 GB
- num bytes created total: 0
0 pending objects of total size 0MB
- objects spillable: 0
- bytes spillable: 0
- objects unsealed: 0
- bytes unsealed: 0
- objects in use: 0
- bytes in use: 0
- objects evictable: 0
- bytes evictable: 0

- objects created by worker: 0
- bytes created by worker: 0
- objects restored: 0
- bytes restored: 0
- objects received: 0
- bytes received: 0
- objects errored: 0
- bytes errored: 0

[2022-05-16 06:43:26,556 I 19112 45072] (raylet.exe) node_manager.cc:539: [state-dump] Event stats:
[state-dump] 
[state-dump] 
[state-dump] Global stats: 2204 total (8 active)
[state-dump] Queueing time: mean = 2.988 ms, max = 185.311 ms, min = -0.004 s, total = 6.585 s
[state-dump] Execution time:  mean = 238.767 us, total = 526.243 ms
[state-dump] Event stats:
[state-dump] 	ObjectManager.UpdateAvailableMemory - 537 total (0 active), CPU time: mean = 6.576 us, total = 3.531 ms
[state-dump] 	NodeManagerService.grpc_server.RequestResourceReport - 528 total (0 active), CPU time: mean = 237.384 us, total = 125.339 ms
[state-dump] 	NodeManagerService.grpc_server.UpdateResourceUsage - 524 total (0 active), CPU time: mean = 167.914 us, total = 87.987 ms
[state-dump] 	RayletWorkerPool.deadline_timer.kill_idle_workers - 285 total (1 active), CPU time: mean = 31.365 us, total = 8.939 ms
[state-dump] 	NodeManager.deadline_timer.flush_free_objects - 60 total (1 active), CPU time: mean = 18.732 us, total = 1.124 ms
[state-dump] 	GcsClient.deadline_timer.check_gcs_service_address - 60 total (1 active), CPU time: mean = 25.971 us, total = 1.558 ms
[state-dump] 	HeartbeatInfoGcsService.grpc_client.ReportHeartbeat - 60 total (0 active), CPU time: mean = 31.556 us, total = 1.893 ms
[state-dump] 	UNKNOWN - 60 total (1 active), CPU time: mean = 49.824 us, total = 2.989 ms
[state-dump] 	NodeManagerService.grpc_server.GetNodeStats - 55 total (0 active), CPU time: mean = 1.424 ms, total = 78.325 ms
[state-dump] 	NodeManager.deadline_timer.record_metrics - 12 total (1 active), CPU time: mean = 241.933 us, total = 2.903 ms
[state-dump] 	PeriodicalRunner.RunFnPeriodically - 7 total (0 active), CPU time: mean = 728.514 us, total = 5.100 ms
[state-dump] 	NodeManager.deadline_timer.debug_state_dump - 6 total (1 active), CPU time: mean = 1.506 ms, total = 9.034 ms
[state-dump] 	InternalPubSubGcsService.grpc_client.GcsSubscriberCommandBatch - 3 total (0 active), CPU time: mean = 270.667 us, total = 812.000 us
[state-dump] 	AgentManagerService.grpc_server.RegisterAgent - 1 total (0 active), CPU time: mean = 303.917 us, total = 303.917 us
[state-dump] 	NodeInfoGcsService.grpc_client.GetAllNodeInfo - 1 total (0 active), CPU time: mean = 239.200 us, total = 239.200 us
[state-dump] 	InternalPubSubGcsService.grpc_client.GcsSubscriberPoll - 1 total (1 active), CPU time: mean = 0.000 s, total = 0.000 s
[state-dump] 	NodeInfoGcsService.grpc_client.RegisterNode - 1 total (0 active), CPU time: mean = 7.091 ms, total = 7.091 ms
[state-dump] 	NodeInfoGcsService.grpc_client.GetInternalConfig - 1 total (0 active), CPU time: mean = 189.065 ms, total = 189.065 ms
[state-dump] 	NodeManager.deadline_timer.print_event_loop_stats - 1 total (1 active, 1 running), CPU time: mean = 0.000 s, total = 0.000 s
[state-dump] 	JobInfoGcsService.grpc_client.GetAllJobInfo - 1 total (0 active), CPU time: mean = 9.000 us, total = 9.000 us
[state-dump] 
[state-dump] NodeManager:
[state-dump] InitialConfigResources: {memory: 4.948068 GiB}, {GPU: 1.000000}, {CPU: 8.000000}, {node:127.0.0.1: 1.000000}, {object_store_memory: 2.474034 GiB}
[state-dump] ClusterTaskManager:
[state-dump] ========== Node: 9663bd940a0daa64eeca0c373c0aade2f22e2da599d3f0953fc63fb3 =================
[state-dump] Infeasible queue length: 0
[state-dump] Schedule queue length: 0
[state-dump] Dispatch queue length: 0
[state-dump] num_waiting_for_resource: 0
[state-dump] num_waiting_for_plasma_memory: 0
[state-dump] num_waiting_for_remote_node_resources: 0
[state-dump] num_worker_not_started_by_job_config_not_exist: 0
[state-dump] num_worker_not_started_by_registration_timeout: 0
[state-dump] num_worker_not_started_by_process_rate_limit: 0
[state-dump] num_tasks_waiting_for_workers: 0
[state-dump] num_cancelled_tasks: 0
[state-dump] cluster_resource_scheduler state: 
[state-dump] Local id: 1906704164000353146 Local resources: {
[state-dump] 	CPU: ([80000]:[80000])
[state-dump] 	MEM: ([53129478150000]:[53129478150000])
[state-dump] 	GPU: ([10000]:[10000])
[state-dump] 	OBJECT_STORE_MEM: ([26564739070000]:[26564739070000])
[state-dump] 	node:127.0.0.1:([10000]:[10000])
[state-dump] }
[state-dump] node id: 1906704164000353146 {
[state-dump] 	CPU: (80000:80000)
[state-dump] 	MEM: (53129478150000:53129478150000)
[state-dump] 	GPU: (10000:10000)
[state-dump] 	OBJECT_STORE_MEM: (26564739070000:26564739070000)
[state-dump] 	node:127.0.0.1:(10000:10000)
[state-dump] }
[state-dump] 
[state-dump] Waiting tasks size: 0
[state-dump] Number of executing tasks: 0
[state-dump] Number of pinned task arguments: 0
[state-dump] Resource usage {
[state-dump] }
[state-dump] Running tasks by scheduling class:
[state-dump] ==================================================
[state-dump] 
[state-dump] ClusterResources:
[state-dump] LocalObjectManager:
[state-dump] - num pinned objects: 0
[state-dump] - pinned objects size: 0
[state-dump] - num objects pending restore: 0
[state-dump] - num objects pending spill: 0
[state-dump] - num bytes pending spill: 0
[state-dump] - cumulative spill requests: 0
[state-dump] - cumulative restore requests: 0
[state-dump] 
[state-dump] ObjectManager:
[state-dump] - num local objects: 0
[state-dump] - num unfulfilled push requests: 0
[state-dump] - num pull requests: 0
[state-dump] - num chunks received total: 0
[state-dump] - num chunks received failed (all): 0
[state-dump] - num chunks received failed / cancelled: 0
[state-dump] - num chunks received failed / plasma error: 0
[state-dump] Event stats:
[state-dump] Global stats: 0 total (0 active)
[state-dump] Queueing time: mean = -nan(ind) s, max = -0.000 s, min = 9223372036.855 s, total = 0.000 s
[state-dump] Execution time:  mean = -nan(ind) s, total = 0.000 s
[state-dump] Event stats:
[state-dump] PushManager:
[state-dump] - num pushes in flight: 0
[state-dump] - num chunks in flight: 0
[state-dump] - num chunks remaining: 0
[state-dump] - max chunks allowed: 409
[state-dump] OwnershipBasedObjectDirectory:
[state-dump] - num listeners: 0
[state-dump] - cumulative location updates: 1996534382352
[state-dump] - num location updates per second: 0.000
[state-dump] - num location lookups per second: 0.000
[state-dump] - num locations added per second: 0.000
[state-dump] - num locations removed per second: 0.000
[state-dump] BufferPool:
[state-dump] - create buffer state map size: 0
[state-dump] PullManager:
[state-dump] - num bytes available for pulled objects: 2656473907
[state-dump] - num bytes being pulled (all): 0
[state-dump] - num bytes being pulled / pinned: 0
[state-dump] - num get request bundles: 0
[state-dump] - num wait request bundles: 0
[state-dump] - num task request bundles: 0
[state-dump] - first get request bundle: N/A
[state-dump] - first wait request bundle: N/A
[state-dump] - first task request bundle: N/A
[state-dump] - num objects queued: 0
[state-dump] - num objects actively pulled (all): 0
[state-dump] - num objects actively pulled / pinned: 0
[state-dump] - num bundles being pulled: 0
[state-dump] - num pull retries: 0
[state-dump] - max timeout seconds: 0
[state-dump] - max timeout request is already processed. No entry.
[state-dump] 
[state-dump] WorkerPool:
[state-dump] - registered jobs: 0
[state-dump] - process_failed_job_config_missing: 0
[state-dump] - process_failed_rate_limited: 0
[state-dump] - process_failed_pending_registration: 0
[state-dump] - process_failed_runtime_env_setup_failed: 0
[state-dump] - num PYTHON workers: 0
[state-dump] - num PYTHON drivers: 0
[state-dump] - num object spill callbacks queued: 0
[state-dump] - num object restore queued: 0
[state-dump] - num util functions queued: 0
[state-dump] - num idle workers: 0
[state-dump] [runtime env manager] ID to URIs table:
[state-dump] [runtime env manager] URIs reference table:
[state-dump] TaskDependencyManager:
[state-dump] - task deps map size: 0
[state-dump] - get req map size: 0
[state-dump] - wait req map size: 0
[state-dump] - local objects map size: 0
[state-dump] WaitManager:
[state-dump] - num active wait requests: 0
[state-dump] Subscriber:
[state-dump] Channel WORKER_OBJECT_LOCATIONS_CHANNEL
[state-dump] - cumulative subscribe requests: 0
[state-dump] - cumulative unsubscribe requests: 0
[state-dump] - active subscribed publishers: 0
[state-dump] - cumulative published messages: 0
[state-dump] - cumulative processed messages: 0
[state-dump] Channel WORKER_REF_REMOVED_CHANNEL
[state-dump] - cumulative subscribe requests: 0
[state-dump] - cumulative unsubscribe requests: 0
[state-dump] - active subscribed publishers: 0
[state-dump] - cumulative published messages: 0
[state-dump] - cumulative processed messages: 0
[state-dump] Channel WORKER_OBJECT_EVICTION
[state-dump] - cumulative subscribe requests: 0
[state-dump] - cumulative unsubscribe requests: 0
[state-dump] - active subscribed publishers: 0
[state-dump] - cumulative published messages: 0
[state-dump] - cumulative processed messages: 0
[state-dump] num async plasma notifications: 0
[state-dump] Remote node managers: 
[state-dump] Event stats:
[state-dump] Global stats: 2204 total (8 active)
[state-dump] Queueing time: mean = 2.988 ms, max = 185.311 ms, min = -0.004 s, total = 6.585 s
[state-dump] Execution time:  mean = 238.767 us, total = 526.243 ms
[state-dump] Event stats:
[state-dump] 	ObjectManager.UpdateAvailableMemory - 537 total (0 active), CPU time: mean = 6.576 us, total = 3.531 ms
[state-dump] 	NodeManagerService.grpc_server.RequestResourceReport - 528 total (0 active), CPU time: mean = 237.384 us, total = 125.339 ms
[state-dump] 	NodeManagerService.grpc_server.UpdateResourceUsage - 524 total (0 active), CPU time: mean = 167.914 us, total = 87.987 ms
[state-dump] 	RayletWorkerPool.deadline_timer.kill_idle_workers - 285 total (1 active), CPU time: mean = 31.365 us, total = 8.939 ms
[state-dump] 	NodeManager.deadline_timer.flush_free_objects - 60 total (1 active), CPU time: mean = 18.732 us, total = 1.124 ms
[state-dump] 	GcsClient.deadline_timer.check_gcs_service_address - 60 total (1 active), CPU time: mean = 25.971 us, total = 1.558 ms
[state-dump] 	HeartbeatInfoGcsService.grpc_client.ReportHeartbeat - 60 total (0 active), CPU time: mean = 31.556 us, total = 1.893 ms
[state-dump] 	UNKNOWN - 60 total (1 active), CPU time: mean = 49.824 us, total = 2.989 ms
[state-dump] 	NodeManagerService.grpc_server.GetNodeStats - 55 total (0 active), CPU time: mean = 1.424 ms, total = 78.325 ms
[state-dump] 	NodeManager.deadline_timer.record_metrics - 12 total (1 active), CPU time: mean = 241.933 us, total = 2.903 ms
[state-dump] 	PeriodicalRunner.RunFnPeriodically - 7 total (0 active), CPU time: mean = 728.514 us, total = 5.100 ms
[state-dump] 	NodeManager.deadline_timer.debug_state_dump - 6 total (1 active), CPU time: mean = 1.506 ms, total = 9.034 ms
[state-dump] 	InternalPubSubGcsService.grpc_client.GcsSubscriberCommandBatch - 3 total (0 active), CPU time: mean = 270.667 us, total = 812.000 us
[state-dump] 	AgentManagerService.grpc_server.RegisterAgent - 1 total (0 active), CPU time: mean = 303.917 us, total = 303.917 us
[state-dump] 	NodeInfoGcsService.grpc_client.GetAllNodeInfo - 1 total (0 active), CPU time: mean = 239.200 us, total = 239.200 us
[state-dump] 	InternalPubSubGcsService.grpc_client.GcsSubscriberPoll - 1 total (1 active), CPU time: mean = 0.000 s, total = 0.000 s
[state-dump] 	NodeInfoGcsService.grpc_client.RegisterNode - 1 total (0 active), CPU time: mean = 7.091 ms, total = 7.091 ms
[state-dump] 	NodeInfoGcsService.grpc_client.GetInternalConfig - 1 total (0 active), CPU time: mean = 189.065 ms, total = 189.065 ms
[state-dump] 	NodeManager.deadline_timer.print_event_loop_stats - 1 total (1 active, 1 running), CPU time: mean = 0.000 s, total = 0.000 s
[state-dump] 	JobInfoGcsService.grpc_client.GetAllJobInfo - 1 total (0 active), CPU time: mean = 9.000 us, total = 9.000 us
[state-dump] DebugString() time ms: 0
[state-dump] 
[state-dump] 
[2022-05-16 06:44:26,356 I 19112 24508] (raylet.exe) store.cc:546: ========== Plasma store: =================
Current usage: 0 / 2.65647 GB
- num bytes created total: 0
0 pending objects of total size 0MB
- objects spillable: 0
- bytes spillable: 0
- objects unsealed: 0
- bytes unsealed: 0
- objects in use: 0
- bytes in use: 0
- objects evictable: 0
- bytes evictable: 0

- objects created by worker: 0
- bytes created by worker: 0
- objects restored: 0
- bytes restored: 0
- objects received: 0
- bytes received: 0
- objects errored: 0
- bytes errored: 0

[2022-05-16 06:44:26,562 I 19112 45072] (raylet.exe) node_manager.cc:539: [state-dump] Event stats:
[state-dump] 
[state-dump] 
[state-dump] Global stats: 4449 total (8 active)
[state-dump] Queueing time: mean = 2.410 ms, max = 185.311 ms, min = -0.004 s, total = 10.724 s
[state-dump] Execution time:  mean = 184.208 us, total = 819.539 ms
[state-dump] Event stats:
[state-dump] 	ObjectManager.UpdateAvailableMemory - 1085 total (0 active), CPU time: mean = 5.848 us, total = 6.345 ms
[state-dump] 	NodeManagerService.grpc_server.RequestResourceReport - 1073 total (0 active), CPU time: mean = 218.952 us, total = 234.936 ms
[state-dump] 	NodeManagerService.grpc_server.UpdateResourceUsage - 1069 total (0 active), CPU time: mean = 156.212 us, total = 166.991 ms
[state-dump] 	RayletWorkerPool.deadline_timer.kill_idle_workers - 576 total (1 active), CPU time: mean = 30.408 us, total = 17.515 ms
[state-dump] 	GcsClient.deadline_timer.check_gcs_service_address - 120 total (1 active), CPU time: mean = 27.764 us, total = 3.332 ms
[state-dump] 	NodeManager.deadline_timer.flush_free_objects - 119 total (1 active), CPU time: mean = 17.527 us, total = 2.086 ms
[state-dump] 	HeartbeatInfoGcsService.grpc_client.ReportHeartbeat - 119 total (0 active), CPU time: mean = 29.474 us, total = 3.507 ms
[state-dump] 	UNKNOWN - 119 total (1 active), CPU time: mean = 34.525 us, total = 4.108 ms
[state-dump] 	NodeManagerService.grpc_server.GetNodeStats - 115 total (0 active), CPU time: mean = 1.304 ms, total = 149.974 ms
[state-dump] 	NodeManager.deadline_timer.record_metrics - 24 total (1 active), CPU time: mean = 224.147 us, total = 5.380 ms
[state-dump] 	NodeManager.deadline_timer.debug_state_dump - 12 total (1 active), CPU time: mean = 1.779 ms, total = 21.345 ms
[state-dump] 	PeriodicalRunner.RunFnPeriodically - 7 total (0 active), CPU time: mean = 728.514 us, total = 5.100 ms
[state-dump] 	InternalPubSubGcsService.grpc_client.GcsSubscriberCommandBatch - 3 total (0 active), CPU time: mean = 270.667 us, total = 812.000 us
[state-dump] 	NodeManager.deadline_timer.print_event_loop_stats - 2 total (1 active, 1 running), CPU time: mean = 700.285 us, total = 1.401 ms
[state-dump] 	AgentManagerService.grpc_server.RegisterAgent - 1 total (0 active), CPU time: mean = 303.917 us, total = 303.917 us
[state-dump] 	NodeInfoGcsService.grpc_client.GetAllNodeInfo - 1 total (0 active), CPU time: mean = 239.200 us, total = 239.200 us
[state-dump] 	InternalPubSubGcsService.grpc_client.GcsSubscriberPoll - 1 total (1 active), CPU time: mean = 0.000 s, total = 0.000 s
[state-dump] 	NodeInfoGcsService.grpc_client.RegisterNode - 1 total (0 active), CPU time: mean = 7.091 ms, total = 7.091 ms
[state-dump] 	NodeInfoGcsService.grpc_client.GetInternalConfig - 1 total (0 active), CPU time: mean = 189.065 ms, total = 189.065 ms
[state-dump] 	JobInfoGcsService.grpc_client.GetAllJobInfo - 1 total (0 active), CPU time: mean = 9.000 us, total = 9.000 us
[state-dump] 
[state-dump] NodeManager:
[state-dump] InitialConfigResources: {memory: 4.948068 GiB}, {GPU: 1.000000}, {CPU: 8.000000}, {node:127.0.0.1: 1.000000}, {object_store_memory: 2.474034 GiB}
[state-dump] ClusterTaskManager:
[state-dump] ========== Node: 9663bd940a0daa64eeca0c373c0aade2f22e2da599d3f0953fc63fb3 =================
[state-dump] Infeasible queue length: 0
[state-dump] Schedule queue length: 0
[state-dump] Dispatch queue length: 0
[state-dump] num_waiting_for_resource: 0
[state-dump] num_waiting_for_plasma_memory: 0
[state-dump] num_waiting_for_remote_node_resources: 0
[state-dump] num_worker_not_started_by_job_config_not_exist: 0
[state-dump] num_worker_not_started_by_registration_timeout: 0
[state-dump] num_worker_not_started_by_process_rate_limit: 0
[state-dump] num_tasks_waiting_for_workers: 0
[state-dump] num_cancelled_tasks: 0
[state-dump] cluster_resource_scheduler state: 
[state-dump] Local id: 1906704164000353146 Local resources: {
[state-dump] 	CPU: ([80000]:[80000])
[state-dump] 	MEM: ([53129478150000]:[53129478150000])
[state-dump] 	GPU: ([10000]:[10000])
[state-dump] 	OBJECT_STORE_MEM: ([26564739070000]:[26564739070000])
[state-dump] 	node:127.0.0.1:([10000]:[10000])
[state-dump] }
[state-dump] node id: 1906704164000353146 {
[state-dump] 	CPU: (80000:80000)
[state-dump] 	MEM: (53129478150000:53129478150000)
[state-dump] 	GPU: (10000:10000)
[state-dump] 	OBJECT_STORE_MEM: (26564739070000:26564739070000)
[state-dump] 	node:127.0.0.1:(10000:10000)
[state-dump] }
[state-dump] 
[state-dump] Waiting tasks size: 0
[state-dump] Number of executing tasks: 0
[state-dump] Number of pinned task arguments: 0
[state-dump] Resource usage {
[state-dump] }
[state-dump] Running tasks by scheduling class:
[state-dump] ==================================================
[state-dump] 
[state-dump] ClusterResources:
[state-dump] LocalObjectManager:
[state-dump] - num pinned objects: 0
[state-dump] - pinned objects size: 0
[state-dump] - num objects pending restore: 0
[state-dump] - num objects pending spill: 0
[state-dump] - num bytes pending spill: 0
[state-dump] - cumulative spill requests: 0
[state-dump] - cumulative restore requests: 0
[state-dump] 
[state-dump] ObjectManager:
[state-dump] - num local objects: 0
[state-dump] - num unfulfilled push requests: 0
[state-dump] - num pull requests: 0
[state-dump] - num chunks received total: 0
[state-dump] - num chunks received failed (all): 0
[state-dump] - num chunks received failed / cancelled: 0
[state-dump] - num chunks received failed / plasma error: 0
[state-dump] Event stats:
[state-dump] Global stats: 0 total (0 active)
[state-dump] Queueing time: mean = -nan(ind) s, max = -0.000 s, min = 9223372036.855 s, total = 0.000 s
[state-dump] Execution time:  mean = -nan(ind) s, total = 0.000 s
[state-dump] Event stats:
[state-dump] PushManager:
[state-dump] - num pushes in flight: 0
[state-dump] - num chunks in flight: 0
[state-dump] - num chunks remaining: 0
[state-dump] - max chunks allowed: 409
[state-dump] OwnershipBasedObjectDirectory:
[state-dump] - num listeners: 0
[state-dump] - cumulative location updates: 1996534382352
[state-dump] - num location updates per second: 0.000
[state-dump] - num location lookups per second: 0.000
[state-dump] - num locations added per second: 0.000
[state-dump] - num locations removed per second: 0.000
[state-dump] BufferPool:
[state-dump] - create buffer state map size: 0
[state-dump] PullManager:
[state-dump] - num bytes available for pulled objects: 2656473907
[state-dump] - num bytes being pulled (all): 0
[state-dump] - num bytes being pulled / pinned: 0
[state-dump] - num get request bundles: 0
[state-dump] - num wait request bundles: 0
[state-dump] - num task request bundles: 0
[state-dump] - first get request bundle: N/A
[state-dump] - first wait request bundle: N/A
[state-dump] - first task request bundle: N/A
[state-dump] - num objects queued: 0
[state-dump] - num objects actively pulled (all): 0
[state-dump] - num objects actively pulled / pinned: 0
[state-dump] - num bundles being pulled: 0
[state-dump] - num pull retries: 0
[state-dump] - max timeout seconds: 0
[state-dump] - max timeout request is already processed. No entry.
[state-dump] 
[state-dump] WorkerPool:
[state-dump] - registered jobs: 0
[state-dump] - process_failed_job_config_missing: 0
[state-dump] - process_failed_rate_limited: 0
[state-dump] - process_failed_pending_registration: 0
[state-dump] - process_failed_runtime_env_setup_failed: 0
[state-dump] - num PYTHON workers: 0
[state-dump] - num PYTHON drivers: 0
[state-dump] - num object spill callbacks queued: 0
[state-dump] - num object restore queued: 0
[state-dump] - num util functions queued: 0
[state-dump] - num idle workers: 0
[state-dump] [runtime env manager] ID to URIs table:
[state-dump] [runtime env manager] URIs reference table:
[state-dump] TaskDependencyManager:
[state-dump] - task deps map size: 0
[state-dump] - get req map size: 0
[state-dump] - wait req map size: 0
[state-dump] - local objects map size: 0
[state-dump] WaitManager:
[state-dump] - num active wait requests: 0
[state-dump] Subscriber:
[state-dump] Channel WORKER_OBJECT_LOCATIONS_CHANNEL
[state-dump] - cumulative subscribe requests: 0
[state-dump] - cumulative unsubscribe requests: 0
[state-dump] - active subscribed publishers: 0
[state-dump] - cumulative published messages: 0
[state-dump] - cumulative processed messages: 0
[state-dump] Channel WORKER_REF_REMOVED_CHANNEL
[state-dump] - cumulative subscribe requests: 0
[state-dump] - cumulative unsubscribe requests: 0
[state-dump] - active subscribed publishers: 0
[state-dump] - cumulative published messages: 0
[state-dump] - cumulative processed messages: 0
[state-dump] Channel WORKER_OBJECT_EVICTION
[state-dump] - cumulative subscribe requests: 0
[state-dump] - cumulative unsubscribe requests: 0
[state-dump] - active subscribed publishers: 0
[state-dump] - cumulative published messages: 0
[state-dump] - cumulative processed messages: 0
[state-dump] num async plasma notifications: 0
[state-dump] Remote node managers: 
[state-dump] Event stats:
[state-dump] Global stats: 4449 total (8 active)
[state-dump] Queueing time: mean = 2.410 ms, max = 185.311 ms, min = -0.004 s, total = 10.724 s
[state-dump] Execution time:  mean = 184.208 us, total = 819.539 ms
[state-dump] Event stats:
[state-dump] 	ObjectManager.UpdateAvailableMemory - 1085 total (0 active), CPU time: mean = 5.848 us, total = 6.345 ms
[state-dump] 	NodeManagerService.grpc_server.RequestResourceReport - 1073 total (0 active), CPU time: mean = 218.952 us, total = 234.936 ms
[state-dump] 	NodeManagerService.grpc_server.UpdateResourceUsage - 1069 total (0 active), CPU time: mean = 156.212 us, total = 166.991 ms
[state-dump] 	RayletWorkerPool.deadline_timer.kill_idle_workers - 576 total (1 active), CPU time: mean = 30.408 us, total = 17.515 ms
[state-dump] 	GcsClient.deadline_timer.check_gcs_service_address - 120 total (1 active), CPU time: mean = 27.764 us, total = 3.332 ms
[state-dump] 	NodeManager.deadline_timer.flush_free_objects - 119 total (1 active), CPU time: mean = 17.527 us, total = 2.086 ms
[state-dump] 	HeartbeatInfoGcsService.grpc_client.ReportHeartbeat - 119 total (0 active), CPU time: mean = 29.474 us, total = 3.507 ms
[state-dump] 	UNKNOWN - 119 total (1 active), CPU time: mean = 34.525 us, total = 4.108 ms
[state-dump] 	NodeManagerService.grpc_server.GetNodeStats - 115 total (0 active), CPU time: mean = 1.304 ms, total = 149.974 ms
[state-dump] 	NodeManager.deadline_timer.record_metrics - 24 total (1 active), CPU time: mean = 224.147 us, total = 5.380 ms
[state-dump] 	NodeManager.deadline_timer.debug_state_dump - 12 total (1 active), CPU time: mean = 1.779 ms, total = 21.345 ms
[state-dump] 	PeriodicalRunner.RunFnPeriodically - 7 total (0 active), CPU time: mean = 728.514 us, total = 5.100 ms
[state-dump] 	InternalPubSubGcsService.grpc_client.GcsSubscriberCommandBatch - 3 total (0 active), CPU time: mean = 270.667 us, total = 812.000 us
[state-dump] 	NodeManager.deadline_timer.print_event_loop_stats - 2 total (1 active, 1 running), CPU time: mean = 700.285 us, total = 1.401 ms
[state-dump] 	AgentManagerService.grpc_server.RegisterAgent - 1 total (0 active), CPU time: mean = 303.917 us, total = 303.917 us
[state-dump] 	NodeInfoGcsService.grpc_client.GetAllNodeInfo - 1 total (0 active), CPU time: mean = 239.200 us, total = 239.200 us
[state-dump] 	InternalPubSubGcsService.grpc_client.GcsSubscriberPoll - 1 total (1 active), CPU time: mean = 0.000 s, total = 0.000 s
[state-dump] 	NodeInfoGcsService.grpc_client.RegisterNode - 1 total (0 active), CPU time: mean = 7.091 ms, total = 7.091 ms
[state-dump] 	NodeInfoGcsService.grpc_client.GetInternalConfig - 1 total (0 active), CPU time: mean = 189.065 ms, total = 189.065 ms
[state-dump] 	JobInfoGcsService.grpc_client.GetAllJobInfo - 1 total (0 active), CPU time: mean = 9.000 us, total = 9.000 us
[state-dump] DebugString() time ms: 0
[state-dump] 
[state-dump] 
[2022-05-16 06:45:26,360 I 19112 24508] (raylet.exe) store.cc:546: ========== Plasma store: =================
Current usage: 0 / 2.65647 GB
- num bytes created total: 0
0 pending objects of total size 0MB
- objects spillable: 0
- bytes spillable: 0
- objects unsealed: 0
- bytes unsealed: 0
- objects in use: 0
- bytes in use: 0
- objects evictable: 0
- bytes evictable: 0

- objects created by worker: 0
- bytes created by worker: 0
- objects restored: 0
- bytes restored: 0
- objects received: 0
- bytes received: 0
- objects errored: 0
- bytes errored: 0

[2022-05-16 06:45:26,564 I 19112 45072] (raylet.exe) node_manager.cc:539: [state-dump] Event stats:
[state-dump] 
[state-dump] 
[state-dump] Global stats: 6710 total (8 active)
[state-dump] Queueing time: mean = 2.072 ms, max = 185.311 ms, min = -0.004 s, total = 13.904 s
[state-dump] Execution time:  mean = 169.960 us, total = 1.140 s
[state-dump] Event stats:
[state-dump] 	ObjectManager.UpdateAvailableMemory - 1637 total (0 active), CPU time: mean = 5.898 us, total = 9.655 ms
[state-dump] 	NodeManagerService.grpc_server.RequestResourceReport - 1623 total (0 active), CPU time: mean = 213.375 us, total = 346.308 ms
[state-dump] 	NodeManagerService.grpc_server.UpdateResourceUsage - 1619 total (0 active), CPU time: mean = 163.456 us, total = 264.636 ms
[state-dump] 	RayletWorkerPool.deadline_timer.kill_idle_workers - 868 total (1 active), CPU time: mean = 30.303 us, total = 26.303 ms
[state-dump] 	NodeManager.deadline_timer.flush_free_objects - 179 total (1 active), CPU time: mean = 18.943 us, total = 3.391 ms
[state-dump] 	GcsClient.deadline_timer.check_gcs_service_address - 179 total (1 active), CPU time: mean = 25.956 us, total = 4.646 ms
[state-dump] 	HeartbeatInfoGcsService.grpc_client.ReportHeartbeat - 179 total (0 active), CPU time: mean = 29.996 us, total = 5.369 ms
[state-dump] 	UNKNOWN - 179 total (1 active), CPU time: mean = 30.374 us, total = 5.437 ms
[state-dump] 	NodeManagerService.grpc_server.GetNodeStats - 174 total (0 active), CPU time: mean = 1.308 ms, total = 227.526 ms
[state-dump] 	NodeManager.deadline_timer.record_metrics - 36 total (1 active), CPU time: mean = 233.189 us, total = 8.395 ms
[state-dump] 	NodeManager.deadline_timer.debug_state_dump - 18 total (1 active), CPU time: mean = 1.846 ms, total = 33.229 ms
[state-dump] 	PeriodicalRunner.RunFnPeriodically - 7 total (0 active), CPU time: mean = 728.514 us, total = 5.100 ms
[state-dump] 	InternalPubSubGcsService.grpc_client.GcsSubscriberCommandBatch - 3 total (0 active), CPU time: mean = 270.667 us, total = 812.000 us
[state-dump] 	NodeManager.deadline_timer.print_event_loop_stats - 3 total (1 active, 1 running), CPU time: mean = 971.814 us, total = 2.915 ms
[state-dump] 	AgentManagerService.grpc_server.RegisterAgent - 1 total (0 active), CPU time: mean = 303.917 us, total = 303.917 us
[state-dump] 	NodeInfoGcsService.grpc_client.GetAllNodeInfo - 1 total (0 active), CPU time: mean = 239.200 us, total = 239.200 us
[state-dump] 	InternalPubSubGcsService.grpc_client.GcsSubscriberPoll - 1 total (1 active), CPU time: mean = 0.000 s, total = 0.000 s
[state-dump] 	NodeInfoGcsService.grpc_client.RegisterNode - 1 total (0 active), CPU time: mean = 7.091 ms, total = 7.091 ms
[state-dump] 	NodeInfoGcsService.grpc_client.GetInternalConfig - 1 total (0 active), CPU time: mean = 189.065 ms, total = 189.065 ms
[state-dump] 	JobInfoGcsService.grpc_client.GetAllJobInfo - 1 total (0 active), CPU time: mean = 9.000 us, total = 9.000 us
[state-dump] 
[state-dump] NodeManager:
[state-dump] InitialConfigResources: {memory: 4.948068 GiB}, {GPU: 1.000000}, {CPU: 8.000000}, {node:127.0.0.1: 1.000000}, {object_store_memory: 2.474034 GiB}
[state-dump] ClusterTaskManager:
[state-dump] ========== Node: 9663bd940a0daa64eeca0c373c0aade2f22e2da599d3f0953fc63fb3 =================
[state-dump] Infeasible queue length: 0
[state-dump] Schedule queue length: 0
[state-dump] Dispatch queue length: 0
[state-dump] num_waiting_for_resource: 0
[state-dump] num_waiting_for_plasma_memory: 0
[state-dump] num_waiting_for_remote_node_resources: 0
[state-dump] num_worker_not_started_by_job_config_not_exist: 0
[state-dump] num_worker_not_started_by_registration_timeout: 0
[state-dump] num_worker_not_started_by_process_rate_limit: 0
[state-dump] num_tasks_waiting_for_workers: 0
[state-dump] num_cancelled_tasks: 0
[state-dump] cluster_resource_scheduler state: 
[state-dump] Local id: 1906704164000353146 Local resources: {
[state-dump] 	CPU: ([80000]:[80000])
[state-dump] 	MEM: ([53129478150000]:[53129478150000])
[state-dump] 	GPU: ([10000]:[10000])
[state-dump] 	OBJECT_STORE_MEM: ([26564739070000]:[26564739070000])
[state-dump] 	node:127.0.0.1:([10000]:[10000])
[state-dump] }
[state-dump] node id: 1906704164000353146 {
[state-dump] 	CPU: (80000:80000)
[state-dump] 	MEM: (53129478150000:53129478150000)
[state-dump] 	GPU: (10000:10000)
[state-dump] 	OBJECT_STORE_MEM: (26564739070000:26564739070000)
[state-dump] 	node:127.0.0.1:(10000:10000)
[state-dump] }
[state-dump] 
[state-dump] Waiting tasks size: 0
[state-dump] Number of executing tasks: 0
[state-dump] Number of pinned task arguments: 0
[state-dump] Resource usage {
[state-dump] }
[state-dump] Running tasks by scheduling class:
[state-dump] ==================================================
[state-dump] 
[state-dump] ClusterResources:
[state-dump] LocalObjectManager:
[state-dump] - num pinned objects: 0
[state-dump] - pinned objects size: 0
[state-dump] - num objects pending restore: 0
[state-dump] - num objects pending spill: 0
[state-dump] - num bytes pending spill: 0
[state-dump] - cumulative spill requests: 0
[state-dump] - cumulative restore requests: 0
[state-dump] 
[state-dump] ObjectManager:
[state-dump] - num local objects: 0
[state-dump] - num unfulfilled push requests: 0
[state-dump] - num pull requests: 0
[state-dump] - num chunks received total: 0
[state-dump] - num chunks received failed (all): 0
[state-dump] - num chunks received failed / cancelled: 0
[state-dump] - num chunks received failed / plasma error: 0
[state-dump] Event stats:
[state-dump] Global stats: 0 total (0 active)
[state-dump] Queueing time: mean = -nan(ind) s, max = -0.000 s, min = 9223372036.855 s, total = 0.000 s
[state-dump] Execution time:  mean = -nan(ind) s, total = 0.000 s
[state-dump] Event stats:
[state-dump] PushManager:
[state-dump] - num pushes in flight: 0
[state-dump] - num chunks in flight: 0
[state-dump] - num chunks remaining: 0
[state-dump] - max chunks allowed: 409
[state-dump] OwnershipBasedObjectDirectory:
[state-dump] - num listeners: 0
[state-dump] - cumulative location updates: 1996534382352
[state-dump] - num location updates per second: 0.000
[state-dump] - num location lookups per second: 0.000
[state-dump] - num locations added per second: 0.000
[state-dump] - num locations removed per second: 0.000
[state-dump] BufferPool:
[state-dump] - create buffer state map size: 0
[state-dump] PullManager:
[state-dump] - num bytes available for pulled objects: 2656473907
[state-dump] - num bytes being pulled (all): 0
[state-dump] - num bytes being pulled / pinned: 0
[state-dump] - num get request bundles: 0
[state-dump] - num wait request bundles: 0
[state-dump] - num task request bundles: 0
[state-dump] - first get request bundle: N/A
[state-dump] - first wait request bundle: N/A
[state-dump] - first task request bundle: N/A
[state-dump] - num objects queued: 0
[state-dump] - num objects actively pulled (all): 0
[state-dump] - num objects actively pulled / pinned: 0
[state-dump] - num bundles being pulled: 0
[state-dump] - num pull retries: 0
[state-dump] - max timeout seconds: 0
[state-dump] - max timeout request is already processed. No entry.
[state-dump] 
[state-dump] WorkerPool:
[state-dump] - registered jobs: 0
[state-dump] - process_failed_job_config_missing: 0
[state-dump] - process_failed_rate_limited: 0
[state-dump] - process_failed_pending_registration: 0
[state-dump] - process_failed_runtime_env_setup_failed: 0
[state-dump] - num PYTHON workers: 0
[state-dump] - num PYTHON drivers: 0
[state-dump] - num object spill callbacks queued: 0
[state-dump] - num object restore queued: 0
[state-dump] - num util functions queued: 0
[state-dump] - num idle workers: 0
[state-dump] [runtime env manager] ID to URIs table:
[state-dump] [runtime env manager] URIs reference table:
[state-dump] TaskDependencyManager:
[state-dump] - task deps map size: 0
[state-dump] - get req map size: 0
[state-dump] - wait req map size: 0
[state-dump] - local objects map size: 0
[state-dump] WaitManager:
[state-dump] - num active wait requests: 0
[state-dump] Subscriber:
[state-dump] Channel WORKER_OBJECT_LOCATIONS_CHANNEL
[state-dump] - cumulative subscribe requests: 0
[state-dump] - cumulative unsubscribe requests: 0
[state-dump] - active subscribed publishers: 0
[state-dump] - cumulative published messages: 0
[state-dump] - cumulative processed messages: 0
[state-dump] Channel WORKER_REF_REMOVED_CHANNEL
[state-dump] - cumulative subscribe requests: 0
[state-dump] - cumulative unsubscribe requests: 0
[state-dump] - active subscribed publishers: 0
[state-dump] - cumulative published messages: 0
[state-dump] - cumulative processed messages: 0
[state-dump] Channel WORKER_OBJECT_EVICTION
[state-dump] - cumulative subscribe requests: 0
[state-dump] - cumulative unsubscribe requests: 0
[state-dump] - active subscribed publishers: 0
[state-dump] - cumulative published messages: 0
[state-dump] - cumulative processed messages: 0
[state-dump] num async plasma notifications: 0
[state-dump] Remote node managers: 
[state-dump] Event stats:
[state-dump] Global stats: 6710 total (8 active)
[state-dump] Queueing time: mean = 2.072 ms, max = 185.311 ms, min = -0.004 s, total = 13.904 s
[state-dump] Execution time:  mean = 169.960 us, total = 1.140 s
[state-dump] Event stats:
[state-dump] 	ObjectManager.UpdateAvailableMemory - 1637 total (0 active), CPU time: mean = 5.898 us, total = 9.655 ms
[state-dump] 	NodeManagerService.grpc_server.RequestResourceReport - 1623 total (0 active), CPU time: mean = 213.375 us, total = 346.308 ms
[state-dump] 	NodeManagerService.grpc_server.UpdateResourceUsage - 1619 total (0 active), CPU time: mean = 163.456 us, total = 264.636 ms
[state-dump] 	RayletWorkerPool.deadline_timer.kill_idle_workers - 868 total (1 active), CPU time: mean = 30.303 us, total = 26.303 ms
[state-dump] 	NodeManager.deadline_timer.flush_free_objects - 179 total (1 active), CPU time: mean = 18.943 us, total = 3.391 ms
[state-dump] 	GcsClient.deadline_timer.check_gcs_service_address - 179 total (1 active), CPU time: mean = 25.956 us, total = 4.646 ms
[state-dump] 	HeartbeatInfoGcsService.grpc_client.ReportHeartbeat - 179 total (0 active), CPU time: mean = 29.996 us, total = 5.369 ms
[state-dump] 	UNKNOWN - 179 total (1 active), CPU time: mean = 30.374 us, total = 5.437 ms
[state-dump] 	NodeManagerService.grpc_server.GetNodeStats - 174 total (0 active), CPU time: mean = 1.308 ms, total = 227.526 ms
[state-dump] 	NodeManager.deadline_timer.record_metrics - 36 total (1 active), CPU time: mean = 233.189 us, total = 8.395 ms
[state-dump] 	NodeManager.deadline_timer.debug_state_dump - 18 total (1 active), CPU time: mean = 1.846 ms, total = 33.229 ms
[state-dump] 	PeriodicalRunner.RunFnPeriodically - 7 total (0 active), CPU time: mean = 728.514 us, total = 5.100 ms
[state-dump] 	InternalPubSubGcsService.grpc_client.GcsSubscriberCommandBatch - 3 total (0 active), CPU time: mean = 270.667 us, total = 812.000 us
[state-dump] 	NodeManager.deadline_timer.print_event_loop_stats - 3 total (1 active, 1 running), CPU time: mean = 971.814 us, total = 2.915 ms
[state-dump] 	AgentManagerService.grpc_server.RegisterAgent - 1 total (0 active), CPU time: mean = 303.917 us, total = 303.917 us
[state-dump] 	NodeInfoGcsService.grpc_client.GetAllNodeInfo - 1 total (0 active), CPU time: mean = 239.200 us, total = 239.200 us
[state-dump] 	InternalPubSubGcsService.grpc_client.GcsSubscriberPoll - 1 total (1 active), CPU time: mean = 0.000 s, total = 0.000 s
[state-dump] 	NodeInfoGcsService.grpc_client.RegisterNode - 1 total (0 active), CPU time: mean = 7.091 ms, total = 7.091 ms
[state-dump] 	NodeInfoGcsService.grpc_client.GetInternalConfig - 1 total (0 active), CPU time: mean = 189.065 ms, total = 189.065 ms
[state-dump] 	JobInfoGcsService.grpc_client.GetAllJobInfo - 1 total (0 active), CPU time: mean = 9.000 us, total = 9.000 us
[state-dump] DebugString() time ms: 1
[state-dump] 
[state-dump] 
[2022-05-16 06:46:04,442 W 19112 42492] (raylet.exe) agent_manager.cc:104: Agent process with pid 38244 exit, return value -1073741510. ip 127.0.0.1. pid 38244
[2022-05-16 06:46:04,442 E 19112 42492] (raylet.exe) agent_manager.cc:107: The raylet exited immediately because the Ray agent failed. The raylet fate shares with the agent. This can happen because the Ray agent was unexpectedly killed or failed. See `dashboard_agent.log` for the root cause.
